[Sat Jul  5 22:12:15.059 2014] 0.001 sec 0.001 sec [ext2/1/ext 6 (0,20)] [deal_core]
[Sat Jul  5 22:12:27.544 2014] 0.003 sec 0.003 sec [ext2/1/ext 1 (0,20)] [deal_core] recipe3
[Sat Jul  5 22:12:55.782 2014] 0.000 sec 0.000 sec [ext2/1/ext 1 (0,20)] [deal_core] recipe
[Sat Jul  5 22:13:00.101 2014] 0.000 sec 0.000 sec [ext2/1/ext 1 (0,20)] [deal_core] recipe
[Sat Jul  5 22:13:04.554 2014] 0.000 sec 0.000 sec [ext2/1/ext 6 (0,20)] [deal_core]
[Sat Jul  5 22:13:20.003 2014] 0.000 sec 0.000 sec [ext2/1/ext 1 (0,20)] [deal_core] recipe
[Sat Jul  5 22:13:40.510 2014] 0.000 sec 0.000 sec [ext2/1/ext 6 (0,20)] [deal_core]
[Sat Jul  5 22:14:06.640 2014] 0.000 sec 0.000 sec [ext2/1/ext 6 (0,20)] [deal_core]
[Sat Jul  5 22:14:20.632 2014] 0.000 sec 0.000 sec [ext2/1/ext 0 (0,20)] [deal_core] re
[Sat Jul  5 22:14:28.501 2014] 0.000 sec 0.000 sec [ext2/1/ext 1 (0,20)] [deal_core] recipe
[Sat Jul  5 22:15:23.110 2014] 0.000 sec 0.000 sec [ext2/1/ext 0 (0,20)] [deal_core] recipe2
[Sat Jul  5 22:15:27.360 2014] 0.000 sec 0.000 sec [ext2/1/ext 2 (0,20)] [deal_core] recipe1
[Sat Jul  5 22:15:32.711 2014] 0.000 sec 0.000 sec [ext2/1/ext 1 (0,20)] [deal_core] recipe
[Sat Jul  5 22:15:42.491 2014] 0.000 sec 0.000 sec [ext2/1/ext 6 (0,20)] [deal_core]
[Sat Jul  5 22:24:57.241 2014] 0.000 sec 0.000 sec [ext2/1/ext 1 (0,20)] [deal_core] recipe
[Sat Jul  5 22:25:02.415 2014] 0.000 sec 0.000 sec [ext2/1/ext 2 (0,20)] [deal_core] recipe1
[Sat Jul  5 22:25:22.143 2014] 0.000 sec 0.000 sec [ext2/1/ext 0 (0,20)] [deal_core] recipe4
[Sat Jul  5 22:40:57.547 2014] 0.000 sec 0.000 sec [ext2/1/ext 6 (0,20)] [deal_core]
[Sat Jul  5 22:41:02.580 2014] 0.000 sec 0.000 sec [ext2/1/ext 1 (0,20)] [deal_core] recipe
[Sat Jul  5 22:41:12.475 2014] 0.000 sec 0.000 sec [ext2/1/ext 0 (0,20)] [deal_core] re
[Sat Jul  5 23:03:27.974 2014] 0.000 sec 0.000 sec [ext2/1/ext 6 (0,20)] [deal_core]
[Sat Jul  5 23:03:31.776 2014] 0.000 sec 0.000 sec [ext2/1/ext 0 (0,20)] [deal_core] re
[Sat Jul  5 23:09:26.862 2014] 0.000 sec 0.000 sec [ext2/1/ext 6 (0,20)] [deal_core]
[Sat Jul  5 23:09:31.128 2014] 0.000 sec 0.000 sec [ext2/1/ext 0 (0,20)] [deal_core] re
[Sat Jul  5 23:10:11.514 2014] 0.000 sec 0.000 sec [ext2/1/ext 0 (0,20)] [deal_core] re
[Sat Jul  5 23:10:51.777 2014] 0.000 sec 0.000 sec [ext2/1/ext 0 (0,20)] [deal_core] re
[Sat Jul  5 23:15:09.644 2014] 0.000 sec 0.000 sec [ext2/1/ext 0 (0,20)] [deal_core] re
[Sat Jul  5 23:15:19.866 2014] 0.000 sec 0.000 sec [ext2/1/ext 6 (0,20)] [deal_core]
[Sat Jul  5 23:15:29.363 2014] 0.000 sec 0.000 sec [ext2/1/ext 2 (0,20)] [deal_core] recipe1
[Sat Jul  5 23:16:05.047 2014] 0.000 sec 0.000 sec [ext2/1/ext 6 (0,20)] [deal_core]
[Sat Jul  5 23:25:05.100 2014] 0.000 sec 0.000 sec [ext2/1/ext 6 (0,20)] [deal_core]
[Sat Jul  5 23:25:05.418 2014] 0.000 sec 0.000 sec [ext2/1/ext 6 (0,20)] [deal_core]
[Sat Jul  5 23:25:13.763 2014] 0.000 sec 0.000 sec [ext2/1/ext 6 (0,20)] [deal_core]
[Sat Jul  5 23:26:37.721 2014] 0.000 sec 0.000 sec [ext2/1/ext 6 (0,20)] [deal_core]
[Sat Jul  5 23:27:25.051 2014] 0.000 sec 0.000 sec [ext2/1/ext 6 (0,20)] [deal_core]
[Sun Jul  6 13:52:11.108 2014] 0.001 sec 0.001 sec [ext2/1/ext 6 (0,20)] [deal_core]
[Sun Jul  6 13:52:11.416 2014] 0.000 sec 0.000 sec [ext2/1/ext 6 (0,20)] [deal_core]
[Sun Jul  6 13:52:38.016 2014] 0.000 sec 0.000 sec [ext2/1/ext 6 (0,20)] [deal_core]
[Sun Jul  6 13:53:12.923 2014] 0.003 sec 0.003 sec [ext2/1/ext 2 (0,20)] [deal_core] recipe1
[Sun Jul  6 14:09:14.984 2014] 0.000 sec 0.000 sec [ext2/1/ext 6 (0,20)] [deal_core]
[Sun Jul  6 14:13:27.383 2014] 0.000 sec 0.000 sec [ext2/1/ext 6 (0,20)] [deal_core]
[Sun Jul  6 14:13:51.644 2014] 0.000 sec 0.000 sec [ext2/1/ext 6 (0,20)] [deal_core]
[Sun Jul  6 14:13:53.865 2014] 0.000 sec 0.000 sec [ext2/1/ext 6 (0,20)] [deal_core]
[Sun Jul  6 14:13:55.351 2014] 0.000 sec 0.000 sec [ext2/1/ext 6 (0,20)] [deal_core]
[Sun Jul  6 14:13:56.504 2014] 0.000 sec 0.000 sec [ext2/1/ext 6 (0,20)] [deal_core]
[Sun Jul  6 16:40:14.409 2014] 0.000 sec 0.000 sec [ext2/1/ext 6 (0,20)] [deal_core]
[Sun Jul  6 17:06:41.572 2014] 0.000 sec 0.000 sec [ext2/1/ext 6 (0,20)] [deal_core]
[Sun Jul  6 17:24:36.884 2014] 0.000 sec 0.000 sec [ext2/1/ext 6 (0,20)] [deal_core]
[Sun Jul  6 17:24:36.938 2014] 0.000 sec 0.000 sec [ext2/1/ext 6 (0,20)] [deal_core]
[Sun Jul  6 17:44:53.284 2014] 0.000 sec 0.000 sec [ext2/1/ext 6 (0,20)] [deal_core]
[Sun Jul  6 17:49:47.090 2014] 0.000 sec 0.000 sec [ext2/1/ext 6 (0,20)] [deal_core]
[Sun Jul  6 18:04:12.731 2014] 0.000 sec 0.000 sec [ext2/1/ext 6 (0,20)] [deal_core]
[Sun Jul  6 18:07:06.731 2014] 0.000 sec 0.000 sec [ext2/1/ext 6 (0,20)] [deal_core]
[Sun Jul  6 18:08:32.117 2014] 0.000 sec 0.000 sec [ext2/1/ext 6 (0,20)] [deal_core]
[Sun Jul  6 18:09:59.591 2014] 0.000 sec 0.000 sec [ext2/1/ext 6 (0,20)] [deal_core]
[Sun Jul  6 18:09:59.649 2014] 0.000 sec 0.000 sec [ext2/1/ext 6 (0,20)] [deal_core]
[Sun Jul  6 18:11:03.350 2014] 0.000 sec 0.000 sec [ext2/1/ext 6 (0,20)] [deal_core]
[Sun Jul  6 18:19:20.426 2014] 0.000 sec 0.000 sec [ext2/1/ext 6 (0,20)] [deal_core]
[Sun Jul  6 18:20:28.261 2014] 0.000 sec 0.000 sec [ext2/1/ext 6 (0,20)] [deal_core]
[Sun Jul  6 18:26:57.089 2014] 0.000 sec 0.000 sec [ext2/1/ext 6 (0,20)] [deal_core]
[Sun Jul  6 18:29:39.830 2014] 0.000 sec 0.000 sec [ext2/1/ext 6 (0,20)] [deal_core]
[Sun Jul  6 18:29:56.539 2014] 0.000 sec 0.000 sec [ext2/1/ext 6 (0,20)] [deal_core]
[Sun Jul  6 18:30:04.159 2014] 0.000 sec 0.000 sec [ext2/1/ext 6 (0,20)] [deal_core]
[Sun Jul  6 18:32:51.953 2014] 0.000 sec 0.000 sec [ext2/1/ext 6 (0,20)] [deal_core]
[Sun Jul  6 18:34:30.596 2014] 0.000 sec 0.000 sec [ext2/1/ext 6 (0,20)] [deal_core]
[Sun Jul  6 18:35:57.837 2014] 0.000 sec 0.000 sec [ext2/1/ext 6 (0,20)] [deal_core]
[Sun Jul  6 18:36:03.617 2014] 0.000 sec 0.000 sec [ext2/1/ext 6 (0,20)] [deal_core]
[Sun Jul  6 18:36:42.916 2014] 0.000 sec 0.000 sec [ext2/1/ext 6 (0,20)] [deal_core]
[Sun Jul  6 18:37:41.891 2014] 0.000 sec 0.000 sec [ext2/1/ext 6 (0,20)] [deal_core]
[Sun Jul  6 18:37:46.294 2014] 0.000 sec 0.000 sec [ext2/1/ext 6 (0,20)] [deal_core]
[Sun Jul  6 18:37:52.584 2014] 0.000 sec 0.000 sec [ext2/1/ext 6 (0,20)] [deal_core]
[Sun Jul  6 18:38:00.256 2014] 0.000 sec 0.000 sec [ext2/1/ext 6 (0,20)] [deal_core]
[Sun Jul  6 18:39:45.146 2014] 0.000 sec 0.000 sec [ext2/1/ext 6 (0,20)] [deal_core]
[Sun Jul  6 18:42:49.823 2014] 0.000 sec 0.000 sec [ext2/1/ext 6 (0,20)] [deal_core]
[Sun Jul  6 18:56:26.444 2014] 0.000 sec 0.000 sec [ext2/1/ext 6 (0,20)] [deal_core]
[Sun Jul  6 18:56:26.571 2014] 0.000 sec 0.000 sec [ext2/1/ext 6 (0,20)] [deal_core]
[Sun Jul  6 19:48:33.906 2014] 0.000 sec 0.000 sec [ext2/1/ext 6 (0,20)] [deal_core]
[Sun Jul  6 19:48:34.014 2014] 0.000 sec 0.000 sec [ext2/1/ext 6 (0,20)] [deal_core]
[Sun Jul  6 19:48:54.767 2014] 0.000 sec 0.000 sec [ext2/1/ext 6 (0,20)] [deal_core]
[Sun Jul  6 19:48:57.859 2014] 0.000 sec 0.000 sec [ext2/1/ext 6 (0,20)] [deal_core]
[Sun Jul  6 19:49:05.072 2014] 0.000 sec 0.000 sec [ext2/1/ext 6 (0,20)] [deal_core]
[Sun Jul  6 19:49:13.684 2014] 0.000 sec 0.000 sec [ext2/1/ext 6 (0,20)] [deal_core]
[Sun Jul  6 19:50:10.479 2014] 0.000 sec 0.000 sec [ext2/1/ext 6 (0,20)] [deal_core]
[Sun Jul  6 19:56:29.778 2014] 0.000 sec 0.000 sec [ext2/1/ext 6 (0,20)] [deal_core]
[Sun Jul  6 19:58:20.113 2014] 0.000 sec 0.000 sec [ext2/1/ext 6 (0,20)] [deal_core]
[Sun Jul  6 20:02:44.198 2014] 0.000 sec 0.000 sec [ext2/1/ext 6 (0,20)] [deal_core]
[Sun Jul  6 20:03:35.744 2014] 0.000 sec 0.000 sec [ext2/1/ext 6 (0,20)] [deal_core]
[Sun Jul  6 21:30:11.811 2014] 0.000 sec 0.000 sec [ext2/1/ext 6 (0,20)] [deal_core]
[Sun Jul  6 21:30:12.208 2014] 0.000 sec 0.000 sec [ext2/1/ext 6 (0,20)] [deal_core]
[Sun Jul  6 21:32:40.725 2014] 0.000 sec 0.000 sec [ext2/1/ext 6 (0,20)] [deal_core]
[Sun Jul  6 21:33:00.832 2014] 0.000 sec 0.000 sec [ext2/1/ext 6 (0,20)] [deal_core]
[Sun Jul  6 21:33:53.922 2014] 0.000 sec 0.000 sec [ext2/1/ext 6 (0,20)] [deal_core]
[Sun Jul  6 21:34:01.105 2014] 0.000 sec 0.000 sec [ext2/1/ext 6 (0,20)] [deal_core]
[Sun Jul  6 21:35:07.394 2014] 0.000 sec 0.000 sec [ext2/1/ext 6 (0,20)] [deal_core]
[Sun Jul  6 21:35:17.154 2014] 0.000 sec 0.000 sec [ext2/1/ext 6 (0,20)] [deal_core]
[Sun Jul  6 21:35:29.177 2014] 0.000 sec 0.000 sec [ext2/1/ext 6 (0,20)] [deal_core]
[Sun Jul  6 21:46:51.590 2014] 0.000 sec 0.000 sec [ext2/1/ext 6 (0,20)] [deal_core]
[Sun Jul  6 21:47:22.232 2014] 0.000 sec 0.000 sec [ext2/1/ext 6 (0,20)] [deal_core]
[Sun Jul  6 22:53:52.994 2014] 0.000 sec 0.000 sec [ext2/1/ext 6 (0,20)] [deal_core]
[Sun Jul  6 22:54:08.911 2014] 0.000 sec 0.000 sec [ext2/1/ext 6 (0,20)] [deal_core]
[Sun Jul  6 22:54:17.049 2014] 0.000 sec 0.000 sec [ext2/1/ext 6 (0,20)] [deal_core]
[Mon Jul  7 13:50:30.731 2014] 0.001 sec 0.001 sec [ext2/1/ext 6 (0,20)] [deal_core]
[Mon Jul  7 13:53:44.173 2014] 0.000 sec 0.000 sec [ext2/1/ext 6 (0,20)] [deal_core]
[Mon Jul  7 14:06:43.585 2014] 0.000 sec 0.000 sec [ext2/1/ext 6 (0,20)] [deal_core]
[Mon Jul  7 14:07:11.818 2014] 0.000 sec 0.000 sec [ext2/1/ext 6 (0,20)] [deal_core]
[Mon Jul  7 14:07:54.425 2014] 0.000 sec 0.000 sec [ext2/1/ext 6 (0,20)] [deal_core]
[Sun Jul 20 13:48:15.451 2014] 0.001 sec 0.001 sec [ext2/1/ext 6 (0,20)] [deal_core]
[Sun Jul 20 13:56:50.285 2014] 0.000 sec 0.000 sec [ext2/1/ext 6 (0,20)] [deal_core]
[Sun Jul 20 14:05:36.268 2014] 0.000 sec 0.000 sec [ext2/1/ext 6 (0,20)] [deal_core]
[Sun Jul 20 14:05:52.190 2014] 0.000 sec 0.000 sec [ext2/1/ext 6 (0,20)] [deal_core]
[Sun Jul 20 18:24:51.997 2014] 0.000 sec 0.000 sec [ext2/1/ext 6 (0,20)] [deal_core]
[Sun Jul 20 18:25:47.912 2014] 0.000 sec 0.000 sec [ext2/1/ext 6 (0,20)] [deal_core]
[Sun Jul 20 18:25:55.507 2014] 0.000 sec 0.000 sec [ext2/1/ext 6 (0,20)] [deal_core]
[Sun Jul 20 18:29:00.611 2014] 0.000 sec 0.000 sec [ext2/1/ext 6 (0,20)] [deal_core]
[Sun Jul 20 18:31:22.725 2014] 0.000 sec 0.000 sec [ext2/1/ext 6 (0,20)] [deal_core]
[Sun Jul 20 18:31:56.799 2014] 0.000 sec 0.000 sec [ext2/1/ext 6 (0,20)] [deal_core]
[Sun Jul 20 18:32:48.850 2014] 0.000 sec 0.000 sec [ext2/1/ext 6 (0,20)] [deal_core]
[Sun Jul 20 18:33:52.468 2014] 0.000 sec 0.000 sec [ext2/1/ext 6 (0,20)] [deal_core]
[Sun Jul 20 18:35:44.126 2014] 0.000 sec 0.000 sec [ext2/1/ext 6 (0,20)] [deal_core]
[Sun Jul 20 18:36:18.544 2014] 0.000 sec 0.000 sec [ext2/1/ext 6 (0,20)] [deal_core]
[Sun Jul 20 18:36:41.186 2014] 0.000 sec 0.000 sec [ext2/1/ext 6 (0,20)] [deal_core]
[Sun Jul 20 18:36:59.434 2014] 0.000 sec 0.000 sec [ext2/1/ext 6 (0,20)] [deal_core]
[Sun Jul 20 18:37:10.285 2014] 0.000 sec 0.000 sec [ext2/1/ext 6 (0,20)] [deal_core]
[Sun Jul 20 18:38:12.516 2014] 0.000 sec 0.000 sec [ext2/1/ext 6 (0,20)] [deal_core]
[Sun Jul 20 18:41:57.138 2014] 0.000 sec 0.000 sec [ext2/1/ext 6 (0,20)] [deal_core]
[Sun Jul 20 18:42:45.048 2014] 0.000 sec 0.000 sec [ext2/1/ext 6 (0,20)] [deal_core]
[Sun Jul 20 18:43:14.674 2014] 0.000 sec 0.000 sec [ext2/1/ext 6 (0,20)] [deal_core]
[Sun Jul 20 18:43:58.933 2014] 0.000 sec 0.000 sec [ext2/1/ext 6 (0,20)] [deal_core]
[Sun Jul 20 18:57:26.889 2014] 0.000 sec 0.000 sec [ext2/1/ext 6 (0,20)] [deal_core]
[Sun Jul 20 18:58:01.202 2014] 0.000 sec 0.000 sec [ext2/1/ext 6 (0,20)] [deal_core]
[Sun Jul 20 18:58:04.038 2014] 0.000 sec 0.000 sec [ext2/1/ext 6 (0,20)] [deal_core]
[Sun Jul 20 18:58:08.592 2014] 0.004 sec 0.004 sec [ext2/1/ext 2 (0,20)] [deal_core] recipe1
[Sun Jul 20 18:58:26.031 2014] 0.000 sec 0.000 sec [ext2/1/ext 6 (0,20)] [deal_core]
[Sun Jul 20 19:09:47.666 2014] 0.000 sec 0.000 sec [ext2/1/ext 6 (0,20)] [deal_core]
[Sun Jul 20 19:09:47.944 2014] 0.000 sec 0.000 sec [ext2/1/ext 6 (0,20)] [deal_core]
[Sun Jul 20 19:17:14.321 2014] 0.000 sec 0.000 sec [ext2/1/ext 6 (0,20)] [deal_core]
[Sun Jul 20 19:45:11.253 2014] 0.000 sec 0.000 sec [ext2/1/ext 6 (0,20)] [deal_core]
[Sun Jul 20 19:45:11.288 2014] 0.000 sec 0.000 sec [ext2/1/ext 6 (0,20)] [deal_core]
[Sun Jul 20 19:46:27.547 2014] 0.000 sec 0.000 sec [ext2/1/ext 6 (0,20)] [deal_core]
[Sun Jul 20 22:21:51.399 2014] 0.000 sec 0.000 sec [ext2/1/ext 6 (0,20)] [deal_core]
[Sun Jul 20 22:33:45.407 2014] 0.000 sec 0.000 sec [ext2/1/ext 6 (0,20)] [deal_core]
[Wed Jul 30 19:05:44.399 2014] 0.004 sec 0.004 sec [ext2/1/ext 6 (0,20)] [deal_core]
[Wed Jul 30 19:05:44.782 2014] 0.000 sec 0.000 sec [ext2/1/ext 6 (0,20)] [deal_core]
[Wed Jul 30 19:08:14.505 2014] 0.000 sec 0.000 sec [ext2/1/ext 6 (0,20)] [deal_core]
[Wed Jul 30 19:08:14.575 2014] 0.000 sec 0.000 sec [ext2/1/ext 6 (0,20)] [deal_core]
[Sun Aug 24 12:01:55.032 2014] 0.001 sec 0.001 sec [ext2/1/ext 6 (0,20)] [deal_core]
[Sun Aug 24 12:04:29.926 2014] 0.000 sec 0.000 sec [ext2/1/ext 6 (0,20)] [deal_core]
[Sun Aug 24 12:26:33.120 2014] 0.000 sec 0.000 sec [ext2/1/ext 6 (0,20)] [deal_core]
[Sun Aug 24 12:27:00.955 2014] 0.000 sec 0.000 sec [ext2/1/ext 6 (0,20)] [deal_core]
[Sun Aug 24 12:28:44.165 2014] 0.000 sec 0.000 sec [ext2/1/ext 6 (0,20)] [deal_core]
[Sun Aug 24 12:31:08.830 2014] 0.000 sec 0.000 sec [ext2/1/ext 6 (0,20)] [deal_core]
[Sun Aug 24 12:31:50.076 2014] 0.000 sec 0.000 sec [ext2/1/ext 6 (0,20)] [deal_core]
[Sun Aug 24 12:32:52.928 2014] 0.000 sec 0.000 sec [ext2/1/ext 6 (0,20)] [deal_core]
[Sun Aug 24 12:35:03.045 2014] 0.000 sec 0.000 sec [ext2/1/ext 6 (0,20)] [deal_core]
[Sun Aug 24 12:35:03.141 2014] 0.000 sec 0.000 sec [ext2/1/ext 6 (0,20)] [deal_core]
[Sun Aug 24 12:38:20.271 2014] 0.000 sec 0.000 sec [ext2/1/ext 6 (0,20)] [deal_core]
[Sun Aug 24 12:39:28.728 2014] 0.000 sec 0.000 sec [ext2/1/ext 6 (0,20)] [deal_core]
[Sun Aug 24 12:39:53.653 2014] 0.000 sec 0.000 sec [ext2/1/ext 6 (0,20)] [deal_core]
[Sun Aug 24 12:42:29.905 2014] 0.000 sec 0.000 sec [ext2/1/ext 6 (0,20)] [deal_core]
[Sun Aug 24 12:42:53.993 2014] 0.000 sec 0.000 sec [ext2/1/ext 6 (0,20)] [deal_core]
[Sun Aug 24 12:44:15.165 2014] 0.000 sec 0.000 sec [ext2/1/ext 6 (0,20)] [deal_core]
[Sun Aug 24 12:45:36.217 2014] 0.000 sec 0.000 sec [ext2/1/ext 6 (0,20)] [deal_core]
[Sun Aug 24 12:47:42.515 2014] 0.000 sec 0.000 sec [ext2/1/ext 6 (0,20)] [deal_core]
[Sun Aug 24 12:49:14.034 2014] 0.000 sec 0.000 sec [ext2/1/ext 6 (0,20)] [deal_core]
[Sun Aug 24 12:49:33.099 2014] 0.000 sec 0.000 sec [ext2/1/ext 6 (0,20)] [deal_core]
[Sun Aug 24 12:50:16.196 2014] 0.000 sec 0.000 sec [ext2/1/ext 6 (0,20)] [deal_core]
[Sun Aug 24 12:51:36.163 2014] 0.000 sec 0.000 sec [ext2/1/ext 6 (0,20)] [deal_core]
[Sun Aug 24 12:51:36.188 2014] 0.000 sec 0.000 sec [ext2/1/ext 6 (0,20)] [deal_core]
[Sun Aug 24 14:58:42.984 2014] 0.000 sec 0.000 sec [ext2/1/ext 6 (0,20)] [deal_core]
[Sun Aug 24 15:00:26.605 2014] 0.000 sec 0.000 sec [ext2/1/ext 6 (0,20)] [deal_core]
[Sun Aug 24 15:00:43.228 2014] 0.000 sec 0.000 sec [ext2/1/ext 6 (0,20)] [deal_core]
[Sun Aug 24 15:01:41.255 2014] 0.000 sec 0.000 sec [ext2/1/ext 6 (0,20)] [deal_core]
[Sun Aug 24 15:02:00.297 2014] 0.000 sec 0.000 sec [ext2/1/ext 6 (0,20)] [deal_core]
[Sun Aug 24 15:08:19.961 2014] 0.000 sec 0.000 sec [ext2/1/ext 6 (0,20)] [deal_core]
[Sun Aug 24 15:10:00.593 2014] 0.000 sec 0.000 sec [ext2/1/ext 6 (0,20)] [deal_core]
[Sun Aug 24 15:11:53.294 2014] 0.000 sec 0.000 sec [ext2/1/ext 6 (0,20)] [deal_core]
[Sun Aug 24 15:12:54.165 2014] 0.000 sec 0.000 sec [ext2/1/ext 6 (0,20)] [deal_core]
[Sun Aug 24 15:18:37.254 2014] 0.000 sec 0.000 sec [ext2/1/ext 6 (0,20)] [deal_core]
[Sun Aug 24 15:19:44.416 2014] 0.000 sec 0.000 sec [ext2/1/ext 6 (0,20)] [deal_core]
[Sun Aug 24 15:22:58.749 2014] 0.000 sec 0.000 sec [ext2/1/ext 6 (0,20)] [deal_core]
[Sun Aug 24 15:23:00.927 2014] 0.000 sec 0.000 sec [ext2/1/ext 6 (0,20)] [deal_core]
[Sun Aug 24 15:23:29.136 2014] 0.000 sec 0.000 sec [ext2/1/ext 6 (0,20)] [deal_core]
[Sun Aug 24 15:23:43.322 2014] 0.000 sec 0.000 sec [ext2/1/ext 6 (0,20)] [deal_core]
[Sun Aug 24 15:24:03.198 2014] 0.000 sec 0.000 sec [ext2/1/ext 6 (0,20)] [deal_core]
[Sun Aug 24 15:25:52.756 2014] 0.000 sec 0.000 sec [ext2/1/ext 6 (0,20)] [deal_core]
[Sun Aug 24 15:26:20.349 2014] 0.000 sec 0.000 sec [ext2/1/ext 6 (0,20)] [deal_core]
[Sun Aug 24 15:26:53.783 2014] 0.000 sec 0.000 sec [ext2/1/ext 6 (0,20)] [deal_core]
[Sun Aug 24 15:27:10.380 2014] 0.000 sec 0.000 sec [ext2/1/ext 6 (0,20)] [deal_core]
[Sun Aug 24 16:04:52.915 2014] 0.000 sec 0.000 sec [ext2/1/ext 6 (0,20)] [deal_core]
[Sun Aug 24 16:05:17.062 2014] 0.000 sec 0.000 sec [ext2/1/ext 6 (0,20)] [deal_core]
[Sun Aug 24 16:05:26.850 2014] 0.000 sec 0.000 sec [ext2/1/ext 6 (0,20)] [deal_core]
[Sun Aug 24 16:06:46.170 2014] 0.000 sec 0.000 sec [ext2/1/ext 6 (0,20)] [deal_core]
[Sun Aug 24 16:06:54.297 2014] 0.000 sec 0.000 sec [ext2/1/ext 6 (0,20)] [deal_core]
[Sun Aug 24 16:07:01.711 2014] 0.000 sec 0.000 sec [ext2/1/ext 6 (0,20)] [deal_core]
[Sun Aug 24 19:26:40.064 2014] 0.000 sec 0.000 sec [ext2/1/ext 6 (0,20)] [deal_core]
[Sun Aug 24 19:26:54.830 2014] 0.000 sec 0.000 sec [ext2/1/ext 6 (0,20)] [deal_core]
[Sun Aug 24 19:31:04.429 2014] 0.000 sec 0.000 sec [ext2/1/ext 6 (0,20)] [deal_core]
[Sun Aug 24 19:31:25.312 2014] 0.000 sec 0.000 sec [ext2/1/ext 6 (0,20)] [deal_core]
[Sun Aug 24 19:34:19.410 2014] 0.000 sec 0.000 sec [ext2/1/ext 6 (0,20)] [deal_core]
[Sun Aug 24 19:34:42.093 2014] 0.000 sec 0.000 sec [ext2/1/ext 6 (0,20)] [deal_core]
[Sun Aug 24 19:37:06.315 2014] 0.000 sec 0.000 sec [ext2/1/ext 6 (0,20)] [deal_core]
[Sun Aug 24 19:37:10.180 2014] 0.000 sec 0.000 sec [ext2/1/ext 6 (0,20)] [deal_core]
[Sun Aug 24 19:38:23.482 2014] 0.000 sec 0.000 sec [ext2/1/ext 6 (0,20)] [deal_core]
[Sun Aug 24 19:39:36.991 2014] 0.000 sec 0.000 sec [ext2/1/ext 6 (0,20)] [deal_core]
[Sun Aug 24 20:01:29.333 2014] 0.000 sec 0.000 sec [ext2/1/ext 6 (0,20)] [deal_core]
[Sun Aug 24 20:01:29.767 2014] 0.000 sec 0.000 sec [ext2/1/ext 6 (0,20)] [deal_core]
[Sun Aug 24 20:02:17.388 2014] 0.000 sec 0.000 sec [ext2/1/ext 6 (0,20)] [deal_core]
[Sun Aug 24 20:03:00.801 2014] 0.000 sec 0.000 sec [ext2/1/ext 6 (0,20)] [deal_core]
[Sun Aug 24 20:03:01.009 2014] 0.000 sec 0.000 sec [ext2/1/ext 6 (0,20)] [deal_core]
[Sun Aug 24 20:03:53.888 2014] 0.000 sec 0.000 sec [ext2/1/ext 6 (0,20)] [deal_core]
[Sun Aug 24 20:03:54.102 2014] 0.000 sec 0.000 sec [ext2/1/ext 6 (0,20)] [deal_core]
[Sun Aug 24 20:04:01.651 2014] 0.000 sec 0.000 sec [ext2/1/ext 6 (0,20)] [deal_core]
[Sun Aug 24 20:04:12.428 2014] 0.000 sec 0.000 sec [ext2/1/ext 6 (0,20)] [deal_core]
[Sun Aug 24 20:09:40.032 2014] 0.000 sec 0.000 sec [ext2/1/ext 6 (0,20)] [deal_core]
[Sun Aug 24 20:09:41.333 2014] 0.000 sec 0.000 sec [ext2/1/ext 6 (0,20)] [deal_core]
[Sun Aug 24 20:10:38.059 2014] 0.000 sec 0.000 sec [ext2/1/ext 6 (0,20)] [deal_core]
[Sun Aug 24 20:11:45.888 2014] 0.000 sec 0.000 sec [ext2/1/ext 6 (0,20)] [deal_core]
[Sun Aug 24 20:13:27.185 2014] 0.000 sec 0.000 sec [ext2/1/ext 6 (0,20)] [deal_core]
[Sun Aug 24 20:16:29.904 2014] 0.000 sec 0.000 sec [ext2/1/ext 6 (0,20)] [deal_core]
[Sun Aug 24 20:16:29.990 2014] 0.000 sec 0.000 sec [ext2/1/ext 6 (0,20)] [deal_core]
[Sun Aug 24 20:18:42.627 2014] 0.000 sec 0.000 sec [ext2/1/ext 6 (0,20)] [deal_core]
[Sun Aug 24 20:18:42.736 2014] 0.000 sec 0.000 sec [ext2/1/ext 6 (0,20)] [deal_core]
[Sun Aug 24 20:21:44.004 2014] 0.000 sec 0.000 sec [ext2/1/ext 6 (0,20)] [deal_core]
[Sun Aug 24 20:21:44.041 2014] 0.000 sec 0.000 sec [ext2/1/ext 6 (0,20)] [deal_core]
[Sun Aug 24 20:22:09.446 2014] 0.000 sec 0.000 sec [ext2/1/ext 6 (0,20)] [deal_core]
[Sun Aug 24 20:22:09.487 2014] 0.000 sec 0.000 sec [ext2/1/ext 6 (0,20)] [deal_core]
[Sun Aug 24 20:22:32.671 2014] 0.000 sec 0.000 sec [ext2/1/ext 6 (0,20)] [deal_core]
[Sun Aug 24 20:22:32.749 2014] 0.000 sec 0.000 sec [ext2/1/ext 6 (0,20)] [deal_core]
[Sun Aug 24 20:23:48.068 2014] 0.000 sec 0.000 sec [ext2/1/ext 6 (0,20)] [deal_core]
[Sun Aug 24 20:23:48.137 2014] 0.000 sec 0.000 sec [ext2/1/ext 6 (0,20)] [deal_core]
[Sun Aug 24 20:23:59.466 2014] 0.000 sec 0.000 sec [ext2/1/ext 6 (0,20)] [deal_core]
[Sun Aug 24 20:26:35.225 2014] 0.000 sec 0.000 sec [ext2/1/ext 6 (0,20)] [deal_core]
[Sun Aug 24 20:34:32.573 2014] 0.000 sec 0.000 sec [ext2/1/ext 6 (0,20)] [deal_core]
[Sun Aug 24 20:34:58.424 2014] 0.000 sec 0.000 sec [ext2/1/ext 6 (0,20)] [deal_core]
[Sun Aug 24 20:34:58.459 2014] 0.000 sec 0.000 sec [ext2/1/ext 6 (0,20)] [deal_core]
[Sun Aug 24 20:42:34.973 2014] 0.000 sec 0.000 sec [ext2/1/ext 6 (0,20)] [deal_core]
[Sun Aug 24 20:42:35.051 2014] 0.000 sec 0.000 sec [ext2/1/ext 6 (0,20)] [deal_core]
[Sun Aug 24 20:42:58.326 2014] 0.000 sec 0.000 sec [ext2/1/ext 6 (0,20)] [deal_core]
[Sun Aug 24 20:42:58.362 2014] 0.000 sec 0.000 sec [ext2/1/ext 6 (0,20)] [deal_core]
[Sun Aug 24 20:43:07.291 2014] 0.000 sec 0.000 sec [ext2/1/ext 6 (0,20)] [deal_core]
[Sun Aug 24 20:43:07.331 2014] 0.000 sec 0.000 sec [ext2/1/ext 6 (0,20)] [deal_core]
[Sun Aug 24 20:44:36.950 2014] 0.000 sec 0.000 sec [ext2/1/ext 6 (0,20)] [deal_core]
[Sun Aug 24 20:53:56.122 2014] 0.000 sec 0.000 sec [ext2/1/ext 6 (0,20)] [deal_core]
[Sun Aug 24 21:01:12.475 2014] 0.000 sec 0.000 sec [ext2/1/ext 6 (0,20)] [deal_core]
[Sun Aug 24 21:02:03.074 2014] 0.000 sec 0.000 sec [ext2/1/ext 6 (0,20)] [deal_core]
[Sun Aug 24 21:02:39.704 2014] 0.000 sec 0.000 sec [ext2/1/ext 6 (0,20)] [deal_core]
[Sun Aug 24 21:02:50.685 2014] 0.000 sec 0.000 sec [ext2/1/ext 6 (0,20)] [deal_core]
[Sun Aug 24 21:03:02.880 2014] 0.000 sec 0.000 sec [ext2/1/ext 6 (0,20)] [deal_core]
[Sun Aug 24 21:05:22.452 2014] 0.000 sec 0.000 sec [ext2/1/ext 6 (0,20)] [deal_core]
[Sun Aug 24 21:07:08.988 2014] 0.000 sec 0.000 sec [ext2/1/ext 6 (0,20)] [deal_core]
[Sun Aug 24 21:07:19.909 2014] 0.000 sec 0.000 sec [ext2/1/ext 6 (0,20)] [deal_core]
[Sun Aug 24 21:08:55.148 2014] 0.000 sec 0.000 sec [ext2/1/ext 6 (0,20)] [deal_core]
[Sun Aug 24 21:13:38.828 2014] 0.000 sec 0.000 sec [ext2/1/ext 6 (0,20)] [deal_core]
[Sun Aug 24 21:13:39.039 2014] 0.000 sec 0.000 sec [ext2/1/ext 6 (0,20)] [deal_core]
[Sun Aug 24 21:14:34.772 2014] 0.000 sec 0.000 sec [ext2/1/ext 6 (0,20)] [deal_core]
[Sun Aug 24 21:15:00.163 2014] 0.000 sec 0.000 sec [ext2/1/ext 6 (0,20)] [deal_core]
[Sun Aug 24 21:16:28.084 2014] 0.000 sec 0.000 sec [ext2/1/ext 6 (0,20)] [deal_core]
[Sun Aug 24 21:18:36.003 2014] 0.000 sec 0.000 sec [ext2/1/ext 6 (0,20)] [deal_core]
[Sun Aug 24 21:23:15.221 2014] 0.000 sec 0.000 sec [ext2/1/ext 6 (0,20)] [deal_core]
[Sun Aug 24 21:23:37.666 2014] 0.000 sec 0.000 sec [ext2/1/ext 6 (0,20)] [deal_core]
[Sun Aug 24 21:25:59.075 2014] 0.000 sec 0.000 sec [ext2/1/ext 6 (0,20)] [deal_core]
[Sun Aug 24 21:26:15.357 2014] 0.000 sec 0.000 sec [ext2/1/ext 6 (0,20)] [deal_core]
[Sun Aug 24 21:26:15.416 2014] 0.000 sec 0.000 sec [ext2/1/ext 6 (0,20)] [deal_core]
[Sun Aug 24 21:26:34.259 2014] 0.000 sec 0.000 sec [ext2/1/ext 6 (0,20)] [deal_core]
[Sun Aug 24 21:26:34.386 2014] 0.000 sec 0.000 sec [ext2/1/ext 6 (0,20)] [deal_core]
[Sun Aug 24 21:30:25.612 2014] 0.000 sec 0.000 sec [ext2/1/ext 6 (0,20)] [deal_core]
[Sun Aug 24 21:32:15.224 2014] 0.000 sec 0.000 sec [ext2/1/ext 6 (0,20)] [deal_core]
[Sun Aug 24 21:32:28.859 2014] 0.000 sec 0.000 sec [ext2/1/ext 6 (0,20)] [deal_core]
[Sun Aug 24 21:38:10.174 2014] 0.000 sec 0.000 sec [ext2/1/ext 6 (0,20)] [deal_core]
[Sun Aug 24 21:38:10.275 2014] 0.000 sec 0.000 sec [ext2/1/ext 6 (0,20)] [deal_core]
[Sun Aug 24 21:38:48.151 2014] 0.000 sec 0.000 sec [ext2/1/ext 6 (0,20)] [deal_core]
[Sun Aug 24 21:55:23.512 2014] 0.000 sec 0.000 sec [ext2/1/ext 6 (0,20)] [deal_core]
[Sun Aug 24 22:37:19.534 2014] 0.000 sec 0.000 sec [ext2/1/ext 6 (0,20)] [deal_core]
[Sun Aug 24 22:37:41.480 2014] 0.000 sec 0.000 sec [ext2/1/ext 6 (0,20)] [deal_core]
[Sun Aug 24 22:50:19.421 2014] 0.000 sec 0.000 sec [ext2/1/ext 6 (0,20)] [deal_core]
[Sun Aug 24 22:50:19.958 2014] 0.000 sec 0.000 sec [ext2/1/ext 6 (0,20)] [deal_core]
[Sun Aug 24 22:57:00.249 2014] 0.000 sec 0.000 sec [ext2/1/ext 6 (0,20)] [deal_core]
[Sun Aug 24 22:57:00.436 2014] 0.000 sec 0.000 sec [ext2/1/ext 6 (0,20)] [deal_core]
[Sun Aug 24 22:57:28.258 2014] 0.000 sec 0.000 sec [ext2/1/ext 6 (0,20)] [deal_core]
[Sun Aug 24 22:57:28.294 2014] 0.000 sec 0.000 sec [ext2/1/ext 6 (0,20)] [deal_core]
[Sun Aug 24 23:14:31.909 2014] 0.000 sec 0.000 sec [ext2/1/ext 6 (0,20)] [deal_core]
[Sun Aug 24 23:14:32.155 2014] 0.000 sec 0.000 sec [ext2/1/ext 6 (0,20)] [deal_core]
[Sun Aug 24 23:15:27.738 2014] 0.000 sec 0.000 sec [ext2/1/ext 6 (0,20)] [deal_core]
[Sun Aug 24 23:31:15.023 2014] 0.000 sec 0.000 sec [ext2/1/ext 6 (0,20)] [deal_core]
[Sun Aug 24 23:31:15.365 2014] 0.000 sec 0.000 sec [ext2/1/ext 6 (0,20)] [deal_core]
[Sun Aug 24 23:31:31.274 2014] 0.000 sec 0.000 sec [ext2/1/ext 6 (0,20)] [deal_core]
[Sun Aug 24 23:31:49.428 2014] 0.000 sec 0.000 sec [ext2/1/ext 6 (0,20)] [deal_core]
[Sun Aug 24 23:33:51.427 2014] 0.000 sec 0.000 sec [ext2/1/ext 6 (0,20)] [deal_core]
[Sun Aug 24 23:34:02.138 2014] 0.000 sec 0.000 sec [ext2/1/ext 1 (0,20)] [deal_core] recipe3
[Sun Aug 24 23:34:44.038 2014] 0.000 sec 0.000 sec [ext2/1/ext 6 (0,20)] [deal_core]
[Sun Aug 24 23:34:55.991 2014] 0.000 sec 0.000 sec [ext2/1/ext 6 (0,20)] [deal_core]
[Tue Aug 26 12:19:12.741 2014] 0.001 sec 0.001 sec [ext2/1/ext 6 (0,20)] [deal_core]
[Tue Aug 26 12:44:04.257 2014] 0.000 sec 0.000 sec [ext2/1/ext 6 (0,20)] [deal_core]
[Tue Aug 26 12:52:53.949 2014] 0.000 sec 0.000 sec [ext2/1/ext 6 (0,20)] [deal_core]
[Tue Aug 26 13:41:23.739 2014] 0.000 sec 0.000 sec [ext2/1/ext 6 (0,20)] [deal_core]
[Tue Aug 26 13:41:23.967 2014] 0.000 sec 0.000 sec [ext2/1/ext 6 (0,20)] [deal_core]
[Tue Aug 26 14:35:42.921 2014] 0.000 sec 0.000 sec [ext2/1/ext 6 (0,20)] [deal_core]
[Tue Aug 26 14:35:43.268 2014] 0.000 sec 0.000 sec [ext2/1/ext 6 (0,20)] [deal_core]
[Tue Aug 26 14:53:10.478 2014] 0.000 sec 0.000 sec [ext2/1/ext 6 (0,20)] [deal_core]
[Tue Aug 26 15:04:41.420 2014] 0.000 sec 0.000 sec [ext2/1/ext 6 (0,20)] [deal_core]
[Tue Aug 26 15:44:31.528 2014] 0.000 sec 0.000 sec [ext2/1/ext 6 (0,20)] [deal_core]
[Tue Aug 26 15:45:00.381 2014] 0.000 sec 0.000 sec [ext2/1/ext 6 (0,20)] [deal_core]
[Tue Aug 26 15:54:55.451 2014] 0.000 sec 0.000 sec [ext2/1/ext 6 (0,20)] [deal_core]
[Tue Aug 26 15:56:15.482 2014] 0.000 sec 0.000 sec [ext2/1/ext 6 (0,20)] [deal_core]
[Tue Aug 26 15:58:10.719 2014] 0.000 sec 0.000 sec [ext2/1/ext 6 (0,20)] [deal_core]
[Tue Aug 26 15:58:58.546 2014] 0.000 sec 0.000 sec [ext2/1/ext 6 (0,20)] [deal_core]
[Tue Aug 26 15:59:02.758 2014] 0.000 sec 0.000 sec [ext2/1/ext 6 (0,20)] [deal_core]
[Tue Aug 26 16:08:22.203 2014] 0.000 sec 0.000 sec [ext2/1/ext 6 (0,20)] [deal_core]
[Tue Aug 26 16:09:12.157 2014] 0.000 sec 0.000 sec [ext2/1/ext 6 (0,20)] [deal_core]
[Tue Aug 26 16:12:58.069 2014] 0.000 sec 0.000 sec [ext2/1/ext 6 (0,20)] [deal_core]
[Tue Aug 26 16:15:30.806 2014] 0.000 sec 0.000 sec [ext2/1/ext 6 (0,20)] [deal_core]
[Tue Aug 26 16:20:42.958 2014] 0.000 sec 0.000 sec [ext2/1/ext 6 (0,20)] [deal_core]
[Tue Aug 26 16:29:49.458 2014] 0.000 sec 0.000 sec [ext2/1/ext 6 (0,20)] [deal_core]
[Tue Aug 26 16:29:49.667 2014] 0.000 sec 0.000 sec [ext2/1/ext 6 (0,20)] [deal_core]
[Tue Aug 26 16:31:15.776 2014] 0.000 sec 0.000 sec [ext2/1/ext 6 (0,20)] [deal_core]
[Tue Aug 26 16:34:34.943 2014] 0.000 sec 0.000 sec [ext2/1/ext 6 (0,20)] [deal_core]
[Tue Aug 26 16:49:29.982 2014] 0.000 sec 0.000 sec [ext2/1/ext 6 (0,20)] [deal_core]
[Tue Aug 26 16:49:30.190 2014] 0.000 sec 0.000 sec [ext2/1/ext 6 (0,20)] [deal_core]
[Tue Aug 26 16:54:59.725 2014] 0.000 sec 0.000 sec [ext2/1/ext 6 (0,20)] [deal_core]
[Tue Aug 26 16:54:59.803 2014] 0.000 sec 0.000 sec [ext2/1/ext 6 (0,20)] [deal_core]
[Tue Aug 26 16:56:07.461 2014] 0.000 sec 0.000 sec [ext2/1/ext 6 (0,20)] [deal_core]
[Tue Aug 26 16:56:07.580 2014] 0.000 sec 0.000 sec [ext2/1/ext 6 (0,20)] [deal_core]
[Tue Aug 26 16:58:40.366 2014] 0.000 sec 0.000 sec [ext2/1/ext 6 (0,20)] [deal_core]
[Tue Aug 26 16:58:40.624 2014] 0.000 sec 0.000 sec [ext2/1/ext 6 (0,20)] [deal_core]
[Tue Aug 26 16:59:22.295 2014] 0.000 sec 0.000 sec [ext2/1/ext 6 (0,20)] [deal_core]
[Tue Aug 26 16:59:22.400 2014] 0.000 sec 0.000 sec [ext2/1/ext 6 (0,20)] [deal_core]
[Tue Aug 26 17:01:15.491 2014] 0.000 sec 0.000 sec [ext2/1/ext 6 (0,20)] [deal_core]
[Tue Aug 26 17:01:15.526 2014] 0.000 sec 0.000 sec [ext2/1/ext 6 (0,20)] [deal_core]
[Tue Aug 26 17:02:50.156 2014] 0.000 sec 0.000 sec [ext2/1/ext 6 (0,20)] [deal_core]
[Tue Aug 26 17:26:02.100 2014] 0.000 sec 0.000 sec [ext2/1/ext 6 (0,20)] [deal_core]
[Tue Aug 26 17:26:31.732 2014] 0.000 sec 0.000 sec [ext2/1/ext 6 (0,20)] [deal_core]
[Tue Aug 26 17:31:43.413 2014] 0.000 sec 0.000 sec [ext2/1/ext 6 (0,20)] [deal_core]
[Tue Aug 26 17:31:43.745 2014] 0.000 sec 0.000 sec [ext2/1/ext 6 (0,20)] [deal_core]
[Tue Aug 26 17:37:07.983 2014] 0.000 sec 0.000 sec [ext2/1/ext 6 (0,20)] [deal_core]
[Tue Aug 26 17:59:48.341 2014] 0.000 sec 0.000 sec [ext2/1/ext 6 (0,20)] [deal_core]
[Tue Aug 26 17:59:48.606 2014] 0.000 sec 0.000 sec [ext2/1/ext 6 (0,20)] [deal_core]
[Tue Aug 26 18:02:07.050 2014] 0.000 sec 0.000 sec [ext2/1/ext 6 (0,20)] [deal_core]
[Tue Aug 26 18:02:07.945 2014] 0.000 sec 0.000 sec [ext2/1/ext 6 (0,20)] [deal_core]
[Tue Aug 26 22:48:18.396 2014] 0.005 sec 0.005 sec [ext2/1/ext 6 (0,20)] [deal_core]
[Tue Aug 26 22:48:18.803 2014] 0.000 sec 0.000 sec [ext2/1/ext 6 (0,20)] [deal_core]
[Tue Aug 26 22:51:02.137 2014] 0.000 sec 0.000 sec [ext2/1/ext 6 (0,20)] [deal_core]
[Tue Aug 26 22:51:02.192 2014] 0.000 sec 0.000 sec [ext2/1/ext 6 (0,20)] [deal_core]
[Tue Aug 26 23:09:09.731 2014] 0.000 sec 0.000 sec [ext2/1/ext 6 (0,20)] [deal_core]
[Tue Aug 26 23:09:09.880 2014] 0.000 sec 0.000 sec [ext2/1/ext 6 (0,20)] [deal_core]
[Tue Aug 26 23:12:32.043 2014] 0.000 sec 0.000 sec [ext2/1/ext 6 (0,20)] [deal_core]
[Tue Aug 26 23:15:27.669 2014] 0.000 sec 0.000 sec [ext2/1/ext 6 (0,20)] [deal_core]
[Tue Aug 26 23:19:20.479 2014] 0.000 sec 0.000 sec [ext2/1/ext 6 (0,20)] [deal_core]
[Wed Aug 27 10:40:37.586 2014] 0.004 sec 0.004 sec [ext2/1/ext 6 (0,20)] [deal_core]
[Wed Aug 27 10:40:38.885 2014] 0.000 sec 0.000 sec [ext2/1/ext 6 (0,20)] [deal_core]
[Wed Aug 27 10:41:18.085 2014] 0.000 sec 0.000 sec [ext2/1/ext 6 (0,20)] [deal_core]
[Wed Aug 27 10:41:19.051 2014] 0.000 sec 0.000 sec [ext2/1/ext 6 (0,20)] [deal_core]
[Wed Aug 27 12:24:58.503 2014] 0.000 sec 0.000 sec [ext2/1/ext 6 (0,20)] [deal_core]
[Wed Aug 27 12:26:31.806 2014] 0.000 sec 0.000 sec [ext2/1/ext 6 (0,20)] [deal_core]
[Wed Aug 27 12:29:21.746 2014] 0.000 sec 0.000 sec [ext2/1/ext 6 (0,20)] [deal_core]
[Wed Aug 27 12:30:44.637 2014] 0.000 sec 0.000 sec [ext2/1/ext 6 (0,20)] [deal_core]
[Wed Aug 27 12:30:44.721 2014] 0.000 sec 0.000 sec [ext2/1/ext 6 (0,20)] [deal_core]
[Wed Aug 27 12:32:04.019 2014] 0.000 sec 0.000 sec [ext2/1/ext 6 (0,20)] [deal_core]
[Wed Aug 27 12:35:35.145 2014] 0.000 sec 0.000 sec [ext2/1/ext 6 (0,20)] [deal_core]
[Wed Aug 27 12:37:31.020 2014] 0.000 sec 0.000 sec [ext2/1/ext 6 (0,20)] [deal_core]
[Wed Aug 27 12:38:11.558 2014] 0.000 sec 0.000 sec [ext2/1/ext 6 (0,20)] [deal_core]
[Wed Aug 27 12:38:11.591 2014] 0.000 sec 0.000 sec [ext2/1/ext 6 (0,20)] [deal_core]
[Wed Aug 27 12:50:25.975 2014] 0.000 sec 0.000 sec [ext2/1/ext 6 (0,20)] [deal_core]
[Wed Aug 27 12:50:26.087 2014] 0.000 sec 0.000 sec [ext2/1/ext 6 (0,20)] [deal_core]
[Wed Aug 27 12:50:47.838 2014] 0.000 sec 0.000 sec [ext2/1/ext 6 (0,20)] [deal_core]
[Wed Aug 27 12:54:16.686 2014] 0.000 sec 0.000 sec [ext2/1/ext 6 (0,20)] [deal_core]
[Wed Aug 27 12:54:17.073 2014] 0.000 sec 0.000 sec [ext2/1/ext 6 (0,20)] [deal_core]
[Wed Aug 27 12:54:25.606 2014] 0.000 sec 0.000 sec [ext2/1/ext 6 (0,20)] [deal_core]
[Wed Aug 27 12:54:52.115 2014] 0.000 sec 0.000 sec [ext2/1/ext 6 (0,20)] [deal_core]
[Wed Aug 27 12:54:52.188 2014] 0.000 sec 0.000 sec [ext2/1/ext 6 (0,20)] [deal_core]
[Wed Aug 27 12:55:34.402 2014] 0.000 sec 0.000 sec [ext2/1/ext 6 (0,20)] [deal_core]
[Wed Aug 27 12:57:33.902 2014] 0.000 sec 0.000 sec [ext2/1/ext 6 (0,20)] [deal_core]
[Wed Aug 27 13:02:12.998 2014] 0.000 sec 0.000 sec [ext2/1/ext 6 (0,20)] [deal_core]
[Wed Aug 27 13:03:12.642 2014] 0.000 sec 0.000 sec [ext2/1/ext 6 (0,20)] [deal_core]
[Wed Aug 27 13:13:24.034 2014] 0.000 sec 0.000 sec [ext2/1/ext 6 (0,20)] [deal_core]
[Wed Aug 27 13:13:24.360 2014] 0.000 sec 0.000 sec [ext2/1/ext 6 (0,20)] [deal_core]
[Wed Aug 27 13:13:33.074 2014] 0.000 sec 0.000 sec [ext2/1/ext 6 (0,20)] [deal_core]
[Wed Aug 27 13:14:02.969 2014] 0.000 sec 0.000 sec [ext2/1/ext 6 (0,20)] [deal_core]
[Wed Aug 27 13:14:18.842 2014] 0.000 sec 0.000 sec [ext2/1/ext 6 (0,20)] [deal_core]
[Wed Aug 27 13:14:34.652 2014] 0.000 sec 0.000 sec [ext2/1/ext 6 (0,20)] [deal_core]
[Wed Aug 27 13:25:41.383 2014] 0.000 sec 0.000 sec [ext2/1/ext 6 (0,20)] [deal_core]
[Wed Aug 27 13:25:41.712 2014] 0.000 sec 0.000 sec [ext2/1/ext 6 (0,20)] [deal_core]
[Wed Aug 27 13:25:59.455 2014] 0.000 sec 0.000 sec [ext2/1/ext 6 (0,20)] [deal_core]
[Wed Aug 27 13:26:14.297 2014] 0.000 sec 0.000 sec [ext2/1/ext 6 (0,20)] [deal_core]
[Wed Aug 27 13:26:23.194 2014] 0.000 sec 0.000 sec [ext2/1/ext 6 (0,20)] [deal_core]
[Wed Aug 27 13:32:39.317 2014] 0.000 sec 0.000 sec [ext2/1/ext 6 (0,20)] [deal_core]
[Wed Aug 27 13:33:10.145 2014] 0.000 sec 0.000 sec [ext2/1/ext 6 (0,20)] [deal_core]
[Wed Aug 27 13:33:30.383 2014] 0.000 sec 0.000 sec [ext2/1/ext 6 (0,20)] [deal_core]
[Wed Aug 27 13:37:41.806 2014] 0.000 sec 0.000 sec [ext2/1/ext 6 (0,20)] [deal_core]
[Fri Aug 29 00:09:48.087 2014] 0.005 sec 0.005 sec [ext2/1/ext 6 (0,20)] [deal_core]
[Fri Aug 29 00:18:26.047 2014] 0.000 sec 0.000 sec [ext2/1/ext 6 (0,20)] [deal_core]
[Fri Aug 29 00:21:24.057 2014] 0.000 sec 0.000 sec [ext2/1/ext 6 (0,20)] [deal_core]
[Fri Aug 29 00:30:07.434 2014] 0.000 sec 0.000 sec [ext2/1/ext 6 (0,20)] [deal_core]
[Fri Aug 29 10:26:43.904 2014] 0.005 sec 0.005 sec [ext2/1/ext 6 (0,20)] [deal_core]
[Fri Aug 29 10:27:35.789 2014] 0.001 sec 0.001 sec [ext2/1/ext 6 (0,20)] [deal_core]
[Fri Aug 29 10:35:30.968 2014] 0.000 sec 0.000 sec [ext2/1/ext 6 (0,20)] [deal_core]
[Fri Aug 29 10:37:46.820 2014] 0.001 sec 0.001 sec [ext2/1/ext 6 (0,20)] [deal_core]
[Fri Aug 29 10:39:42.385 2014] 0.000 sec 0.000 sec [ext2/1/ext 6 (0,20)] [deal_core]
[Fri Aug 29 10:39:43.838 2014] 0.000 sec 0.000 sec [ext2/1/ext 6 (0,20)] [deal_core]
[Fri Aug 29 11:27:43.092 2014] 0.000 sec 0.000 sec [ext2/1/ext 6 (0,20)] [deal_core]
[Fri Aug 29 11:30:40.038 2014] 0.000 sec 0.000 sec [ext2/1/ext 6 (0,20)] [deal_core]
[Fri Aug 29 11:33:57.611 2014] 0.000 sec 0.000 sec [ext2/1/ext 6 (0,20)] [deal_core]
[Fri Aug 29 11:36:37.645 2014] 0.000 sec 0.000 sec [ext2/1/ext 6 (0,20)] [deal_core]
[Fri Aug 29 11:40:47.136 2014] 0.000 sec 0.000 sec [ext2/1/ext 6 (0,20)] [deal_core]
[Fri Aug 29 11:41:27.779 2014] 0.000 sec 0.000 sec [ext2/1/ext 6 (0,20)] [deal_core]
[Fri Aug 29 11:43:29.611 2014] 0.000 sec 0.000 sec [ext2/1/ext 6 (0,20)] [deal_core]
[Fri Aug 29 11:44:06.647 2014] 0.000 sec 0.000 sec [ext2/1/ext 6 (0,20)] [deal_core]
[Fri Aug 29 11:50:31.489 2014] 0.000 sec 0.000 sec [ext2/1/ext 6 (0,20)] [deal_core]
[Fri Aug 29 15:06:28.419 2014] 0.000 sec 0.000 sec [ext2/1/ext 6 (0,20)] [deal_core]
[Fri Aug 29 15:09:01.570 2014] 0.000 sec 0.000 sec [ext2/1/ext 6 (0,20)] [deal_core]
[Fri Aug 29 22:43:36.517 2014] 0.005 sec 0.005 sec [ext2/1/ext 6 (0,20)] [deal_core]
[Fri Aug 29 22:43:53.079 2014] 0.000 sec 0.000 sec [ext2/1/ext 6 (0,20)] [deal_core]
[Fri Aug 29 22:46:21.463 2014] 0.002 sec 0.002 sec [ext2/1/ext 0 (0,20)] [deal_core] recipe one
[Fri Aug 29 22:46:30.061 2014] 0.000 sec 0.000 sec [ext2/1/ext 0 (0,20)] [deal_core] recipe one
[Fri Aug 29 22:47:05.414 2014] 0.000 sec 0.000 sec [ext2/1/ext 0 (0,20)] [deal_core] recipe one
[Fri Aug 29 22:47:53.609 2014] 0.000 sec 0.000 sec [ext2/1/ext 0 (0,20)] [deal_core] recipe one
[Fri Aug 29 22:49:09.975 2014] 0.000 sec 0.000 sec [ext2/1/ext 6 (0,20)] [deal_core]
[Fri Aug 29 22:50:42.296 2014] 0.000 sec 0.000 sec [ext2/1/ext 6 (0,20)] [deal_core]
[Fri Aug 29 22:56:53.293 2014] 0.000 sec 0.000 sec [ext2/1/ext 6 (0,20)] [deal_core]
[Fri Aug 29 22:57:08.881 2014] 0.000 sec 0.000 sec [ext2/1/ext 6 (0,20)] [deal_core]
[Fri Aug 29 22:57:31.818 2014] 0.000 sec 0.000 sec [ext2/1/ext 6 (0,20)] [deal_core]
[Fri Aug 29 22:58:23.138 2014] 0.000 sec 0.000 sec [ext2/1/ext 6 (0,20)] [deal_core]
[Fri Aug 29 22:58:23.186 2014] 0.000 sec 0.000 sec [ext2/2/ext 3 (0,20)] [deal_core]
[Sat Aug 30 13:30:55.298 2014] 0.000 sec 0.000 sec [ext2/1/ext 6 (0,20)] [deal_core]
[Sat Aug 30 13:30:55.367 2014] 0.000 sec 0.000 sec [ext2/2/ext 3 (0,20)] [deal_core]
[Sat Aug 30 13:32:10.078 2014] 0.000 sec 0.000 sec [ext2/1/ext 6 (0,20)] [deal_core]
[Sat Aug 30 13:32:10.081 2014] 0.000 sec 0.000 sec [ext2/2/ext 3 (0,20)] [deal_core]
[Sat Aug 30 14:39:14.507 2014] 0.000 sec 0.000 sec [ext2/1/ext 5 (0,20)] [deal_core]
[Sat Aug 30 14:40:54.163 2014] 0.000 sec 0.000 sec [ext2/1/ext 5 (0,20)] [deal_core]
[Sat Aug 30 14:41:19.235 2014] 0.000 sec 0.000 sec [ext2/1/ext 6 (0,20)] [deal_core]
[Sat Aug 30 14:42:15.935 2014] 0.000 sec 0.000 sec [ext2/1/ext 6 (0,20)] [deal_core]
[Sat Aug 30 14:43:09.432 2014] 0.000 sec 0.000 sec [ext2/1/ext 1 (0,20)] [deal_core] labour
[Sat Aug 30 14:44:48.410 2014] 0.000 sec 0.000 sec [ext2/1/ext 6 (0,20)] [deal_core]
[Sat Aug 30 14:51:09.966 2014] 0.000 sec 0.000 sec [ext2/1/ext 6 (0,20)] [deal_core]
[Sat Aug 30 15:07:35.138 2014] 0.000 sec 0.000 sec [ext2/1/ext 6 (0,20)] [deal_core]
[Sat Aug 30 15:08:07.120 2014] 0.000 sec 0.000 sec [ext2/1/ext 6 (0,20)] [deal_core]
[Sat Aug 30 15:12:08.712 2014] 0.000 sec 0.000 sec [ext2/1/ext 6 (0,20)] [deal_core]
[Sat Aug 30 15:14:20.059 2014] 0.000 sec 0.000 sec [ext2/1/ext 6 (0,20)] [deal_core]
[Sat Aug 30 15:30:55.540 2014] 0.000 sec 0.000 sec [ext2/1/ext 6 (0,20)] [deal_core]
[Sat Aug 30 15:37:03.898 2014] 0.000 sec 0.000 sec [ext2/1/ext 6 (0,20)] [deal_core]
[Sun Aug 31 11:44:18.394 2014] 0.005 sec 0.005 sec [ext2/1/ext 6 (0,20)] [deal_core]
[Sun Aug 31 13:10:14.557 2014] 0.000 sec 0.000 sec [ext2/1/ext 6 (0,20)] [deal_core]
[Sun Aug 31 13:10:54.061 2014] 0.000 sec 0.000 sec [ext2/1/ext 6 (0,20)] [deal_core]
[Sun Aug 31 13:11:16.933 2014] 0.000 sec 0.000 sec [ext2/1/ext 6 (0,20)] [deal_core]
[Sun Aug 31 13:11:41.749 2014] 0.000 sec 0.000 sec [ext2/1/ext 6 (0,20)] [deal_core]
[Sun Aug 31 13:14:26.758 2014] 0.000 sec 0.000 sec [ext2/1/ext 6 (0,20)] [deal_core]
[Sun Aug 31 13:14:29.558 2014] 0.000 sec 0.000 sec [ext2/1/ext 6 (0,20)] [deal_core]
[Sun Aug 31 13:14:29.861 2014] 0.000 sec 0.000 sec [ext2/1/ext 6 (0,20)] [deal_core]
[Sun Aug 31 13:16:31.492 2014] 0.000 sec 0.000 sec [ext2/1/ext 6 (0,20)] [deal_core]
[Sun Aug 31 13:16:31.759 2014] 0.000 sec 0.000 sec [ext2/1/ext 6 (0,20)] [deal_core]
[Sun Aug 31 13:19:21.268 2014] 0.000 sec 0.000 sec [ext2/1/ext 6 (0,20)] [deal_core]
[Sun Aug 31 13:19:21.535 2014] 0.000 sec 0.000 sec [ext2/1/ext 6 (0,20)] [deal_core]
[Sun Aug 31 13:33:37.703 2014] 0.000 sec 0.000 sec [ext2/1/ext 6 (0,20)] [deal_core]
[Sun Aug 31 13:33:39.688 2014] 0.000 sec 0.000 sec [ext2/1/ext 6 (0,20)] [deal_core]
[Sun Aug 31 13:34:15.184 2014] 0.000 sec 0.000 sec [ext2/1/ext 6 (0,20)] [deal_core]
[Sun Aug 31 13:34:17.151 2014] 0.000 sec 0.000 sec [ext2/1/ext 6 (0,20)] [deal_core]
[Sun Aug 31 13:35:07.465 2014] 0.000 sec 0.000 sec [ext2/1/ext 6 (0,20)] [deal_core]
[Sun Aug 31 13:36:24.231 2014] 0.000 sec 0.000 sec [ext2/1/ext 6 (0,20)] [deal_core]
[Sun Aug 31 13:36:24.334 2014] 0.000 sec 0.000 sec [ext2/1/ext 6 (0,20)] [deal_core]
[Sun Aug 31 13:41:33.626 2014] 0.000 sec 0.000 sec [ext2/1/ext 6 (0,20)] [deal_core]
[Sun Aug 31 13:41:35.577 2014] 0.000 sec 0.000 sec [ext2/1/ext 6 (0,20)] [deal_core]
[Sun Aug 31 13:42:02.539 2014] 0.000 sec 0.000 sec [ext2/1/ext 6 (0,20)] [deal_core]
[Sun Aug 31 13:43:10.169 2014] 0.000 sec 0.000 sec [ext2/1/ext 6 (0,20)] [deal_core]
[Sun Aug 31 13:43:49.189 2014] 0.000 sec 0.000 sec [ext2/1/ext 6 (0,20)] [deal_core]
[Sun Aug 31 13:44:10.498 2014] 0.000 sec 0.000 sec [ext2/1/ext 6 (0,20)] [deal_core]
[Sun Aug 31 13:45:59.549 2014] 0.000 sec 0.000 sec [ext2/1/ext 6 (0,20)] [deal_core]
[Sun Aug 31 13:47:10.259 2014] 0.000 sec 0.000 sec [ext2/1/ext 6 (0,20)] [deal_core]
[Sun Aug 31 13:47:55.511 2014] 0.000 sec 0.000 sec [ext2/1/ext 6 (0,20)] [deal_core]
[Sun Aug 31 13:47:55.553 2014] 0.000 sec 0.000 sec [ext2/1/ext 6 (0,20)] [deal_core]
[Sun Aug 31 13:48:25.798 2014] 0.000 sec 0.000 sec [ext2/1/ext 6 (0,20)] [deal_core]
[Sun Aug 31 13:49:00.478 2014] 0.000 sec 0.000 sec [ext2/1/ext 6 (0,20)] [deal_core]
[Sun Aug 31 13:49:53.046 2014] 0.000 sec 0.000 sec [ext2/1/ext 6 (0,20)] [deal_core]
[Sun Aug 31 13:54:12.017 2014] 0.000 sec 0.000 sec [ext2/1/ext 6 (0,20)] [deal_core]
[Sun Aug 31 13:55:26.125 2014] 0.000 sec 0.000 sec [ext2/1/ext 6 (0,20)] [deal_core]
[Sun Aug 31 13:55:46.377 2014] 0.000 sec 0.000 sec [ext2/1/ext 6 (0,20)] [deal_core]
[Sun Aug 31 14:00:49.796 2014] 0.000 sec 0.000 sec [ext2/1/ext 6 (0,20)] [deal_core]
[Sun Aug 31 14:00:51.753 2014] 0.000 sec 0.000 sec [ext2/1/ext 6 (0,20)] [deal_core]
[Sun Aug 31 14:01:33.343 2014] 0.000 sec 0.000 sec [ext2/1/ext 6 (0,20)] [deal_core]
[Sun Aug 31 14:01:54.813 2014] 0.000 sec 0.000 sec [ext2/1/ext 6 (0,20)] [deal_core]
[Sun Aug 31 14:02:13.289 2014] 0.000 sec 0.000 sec [ext2/1/ext 6 (0,20)] [deal_core]
[Sun Aug 31 14:02:36.164 2014] 0.000 sec 0.000 sec [ext2/1/ext 6 (0,20)] [deal_core]
[Sun Aug 31 14:02:53.657 2014] 0.000 sec 0.000 sec [ext2/1/ext 6 (0,20)] [deal_core]
[Sun Aug 31 14:02:55.906 2014] 0.000 sec 0.000 sec [ext2/1/ext 6 (0,20)] [deal_core]
[Sun Aug 31 14:03:40.191 2014] 0.000 sec 0.000 sec [ext2/1/ext 6 (0,20)] [deal_core]
[Sun Aug 31 14:03:56.468 2014] 0.000 sec 0.000 sec [ext2/1/ext 6 (0,20)] [deal_core]
[Sun Aug 31 14:04:35.888 2014] 0.000 sec 0.000 sec [ext2/1/ext 6 (0,20)] [deal_core]
[Sun Aug 31 14:04:50.720 2014] 0.000 sec 0.000 sec [ext2/1/ext 6 (0,20)] [deal_core]
[Sun Aug 31 14:05:16.685 2014] 0.000 sec 0.000 sec [ext2/1/ext 6 (0,20)] [deal_core]
[Sun Aug 31 14:05:18.658 2014] 0.000 sec 0.000 sec [ext2/1/ext 6 (0,20)] [deal_core]
[Sun Aug 31 14:05:31.288 2014] 0.000 sec 0.000 sec [ext2/1/ext 6 (0,20)] [deal_core]
[Sun Aug 31 14:05:40.603 2014] 0.000 sec 0.000 sec [ext2/1/ext 6 (0,20)] [deal_core]
[Sun Aug 31 14:06:20.436 2014] 0.000 sec 0.000 sec [ext2/1/ext 6 (0,20)] [deal_core]
[Sun Aug 31 14:06:22.338 2014] 0.000 sec 0.000 sec [ext2/1/ext 6 (0,20)] [deal_core]
[Sun Aug 31 14:06:45.803 2014] 0.000 sec 0.000 sec [ext2/1/ext 6 (0,20)] [deal_core]
[Sun Aug 31 14:06:47.676 2014] 0.000 sec 0.000 sec [ext2/1/ext 6 (0,20)] [deal_core]
[Sun Aug 31 14:07:09.953 2014] 0.000 sec 0.000 sec [ext2/1/ext 6 (0,20)] [deal_core]
[Sun Aug 31 14:08:37.668 2014] 0.000 sec 0.000 sec [ext2/1/ext 6 (0,20)] [deal_core]
[Sun Aug 31 14:08:55.921 2014] 0.000 sec 0.000 sec [ext2/1/ext 6 (0,20)] [deal_core]
[Sun Aug 31 14:10:02.730 2014] 0.000 sec 0.000 sec [ext2/1/ext 6 (0,20)] [deal_core]
[Sun Aug 31 14:10:30.184 2014] 0.000 sec 0.000 sec [ext2/1/ext 6 (0,20)] [deal_core]
[Sun Aug 31 14:10:42.276 2014] 0.000 sec 0.000 sec [ext2/1/ext 6 (0,20)] [deal_core]
[Sun Aug 31 14:10:42.910 2014] 0.000 sec 0.000 sec [ext2/1/ext 6 (0,20)] [deal_core]
[Sun Aug 31 14:10:48.823 2014] 0.000 sec 0.000 sec [ext2/1/ext 6 (0,20)] [deal_core]
[Sun Aug 31 14:11:27.271 2014] 0.000 sec 0.000 sec [ext2/1/ext 6 (0,20)] [deal_core]
[Sun Aug 31 14:11:44.545 2014] 0.000 sec 0.000 sec [ext2/1/ext 6 (0,20)] [deal_core]
[Sun Aug 31 14:11:46.347 2014] 0.000 sec 0.000 sec [ext2/1/ext 6 (0,20)] [deal_core]
[Sun Aug 31 14:12:00.219 2014] 0.000 sec 0.000 sec [ext2/1/ext 6 (0,20)] [deal_core]
[Sun Aug 31 14:12:02.021 2014] 0.000 sec 0.000 sec [ext2/1/ext 6 (0,20)] [deal_core]
[Sun Aug 31 14:13:39.181 2014] 0.000 sec 0.000 sec [ext2/1/ext 6 (0,20)] [deal_core]
[Sun Aug 31 14:13:49.868 2014] 0.000 sec 0.000 sec [ext2/1/ext 6 (0,20)] [deal_core]
[Sun Aug 31 14:13:50.116 2014] 0.000 sec 0.000 sec [ext2/1/ext 6 (0,20)] [deal_core]
[Sun Aug 31 14:14:25.844 2014] 0.000 sec 0.000 sec [ext2/1/ext 6 (0,20)] [deal_core]
[Sun Aug 31 14:14:27.646 2014] 0.000 sec 0.000 sec [ext2/1/ext 6 (0,20)] [deal_core]
[Sun Aug 31 14:20:20.438 2014] 0.000 sec 0.000 sec [ext2/1/ext 6 (0,20)] [deal_core]
[Sun Aug 31 14:20:20.602 2014] 0.000 sec 0.000 sec [ext2/1/ext 6 (0,20)] [deal_core]
[Sun Aug 31 14:29:00.842 2014] 0.000 sec 0.000 sec [ext2/1/ext 6 (0,20)] [deal_core]
[Sun Aug 31 14:29:04.181 2014] 0.000 sec 0.000 sec [ext2/1/ext 6 (0,20)] [deal_core]
[Sun Aug 31 14:29:10.591 2014] 0.000 sec 0.000 sec [ext2/1/ext 6 (0,20)] [deal_core]
[Sun Aug 31 14:29:10.796 2014] 0.000 sec 0.000 sec [ext2/1/ext 6 (0,20)] [deal_core]
[Sun Aug 31 14:29:35.054 2014] 0.000 sec 0.000 sec [ext2/1/ext 6 (0,20)] [deal_core]
[Sun Aug 31 14:29:44.715 2014] 0.000 sec 0.000 sec [ext2/1/ext 6 (0,20)] [deal_core]
[Sun Aug 31 14:30:00.120 2014] 0.000 sec 0.000 sec [ext2/1/ext 6 (0,20)] [deal_core]
[Sun Aug 31 14:32:09.853 2014] 0.000 sec 0.000 sec [ext2/1/ext 6 (0,20)] [deal_core]
[Sun Aug 31 14:32:47.725 2014] 0.000 sec 0.000 sec [ext2/1/ext 6 (0,20)] [deal_core]
[Sun Aug 31 14:39:02.957 2014] 0.000 sec 0.000 sec [ext2/1/ext 6 (0,20)] [deal_core]
[Sun Aug 31 14:39:33.588 2014] 0.000 sec 0.000 sec [ext2/1/ext 6 (0,20)] [deal_core]
[Sun Aug 31 14:39:55.755 2014] 0.000 sec 0.000 sec [ext2/1/ext 6 (0,20)] [deal_core]
[Sun Aug 31 14:40:05.307 2014] 0.000 sec 0.000 sec [ext2/1/ext 6 (0,20)] [deal_core]
[Sun Aug 31 14:40:16.340 2014] 0.000 sec 0.000 sec [ext2/1/ext 6 (0,20)] [deal_core]
[Sun Aug 31 14:40:29.601 2014] 0.000 sec 0.000 sec [ext2/1/ext 6 (0,20)] [deal_core]
[Sun Aug 31 14:40:31.540 2014] 0.000 sec 0.000 sec [ext2/1/ext 6 (0,20)] [deal_core]
[Sun Aug 31 14:42:34.100 2014] 0.000 sec 0.000 sec [ext2/1/ext 6 (0,20)] [deal_core]
[Sun Aug 31 14:42:50.795 2014] 0.000 sec 0.000 sec [ext2/1/ext 6 (0,20)] [deal_core]
[Sun Aug 31 14:43:15.827 2014] 0.000 sec 0.000 sec [ext2/1/ext 6 (0,20)] [deal_core]
[Sun Aug 31 14:43:34.147 2014] 0.000 sec 0.000 sec [ext2/1/ext 6 (0,20)] [deal_core]
[Sun Aug 31 14:43:48.002 2014] 0.000 sec 0.000 sec [ext2/1/ext 6 (0,20)] [deal_core]
[Sun Aug 31 14:43:58.612 2014] 0.000 sec 0.000 sec [ext2/1/ext 6 (0,20)] [deal_core]
[Sun Aug 31 14:46:45.425 2014] 0.000 sec 0.000 sec [ext2/1/ext 6 (0,20)] [deal_core]
[Sun Aug 31 14:47:12.778 2014] 0.000 sec 0.000 sec [ext2/1/ext 6 (0,20)] [deal_core]
[Sun Aug 31 14:47:33.779 2014] 0.000 sec 0.000 sec [ext2/1/ext 6 (0,20)] [deal_core]
[Sun Aug 31 14:57:07.771 2014] 0.000 sec 0.000 sec [ext2/1/ext 6 (0,20)] [deal_core]
[Sun Aug 31 14:59:17.387 2014] 0.000 sec 0.000 sec [ext2/1/ext 6 (0,20)] [deal_core]
[Sun Aug 31 15:00:19.771 2014] 0.000 sec 0.000 sec [ext2/1/ext 6 (0,20)] [deal_core]
[Sun Aug 31 15:00:19.802 2014] 0.000 sec 0.000 sec [ext2/1/ext 6 (0,20)] [deal_core]
[Sun Aug 31 15:05:37.172 2014] 0.000 sec 0.000 sec [ext2/1/ext 6 (0,20)] [deal_core]
[Sun Aug 31 15:07:19.016 2014] 0.000 sec 0.000 sec [ext2/1/ext 6 (0,20)] [deal_core]
[Sun Aug 31 15:12:49.877 2014] 0.000 sec 0.000 sec [ext2/1/ext 6 (0,20)] [deal_core]
[Sun Aug 31 15:12:49.984 2014] 0.000 sec 0.000 sec [ext2/1/ext 6 (0,20)] [deal_core]
[Sun Aug 31 15:13:16.187 2014] 0.000 sec 0.000 sec [ext2/1/ext 6 (0,20)] [deal_core]
[Sun Aug 31 15:13:33.025 2014] 0.000 sec 0.000 sec [ext2/1/ext 6 (0,20)] [deal_core]
[Sun Aug 31 15:13:39.708 2014] 0.000 sec 0.000 sec [ext2/1/ext 6 (0,20)] [deal_core]
[Sun Aug 31 15:16:00.919 2014] 0.000 sec 0.000 sec [ext2/1/ext 6 (0,20)] [deal_core]
[Sun Aug 31 15:16:28.884 2014] 0.000 sec 0.000 sec [ext2/1/ext 6 (0,20)] [deal_core]
[Sun Aug 31 15:16:43.260 2014] 0.000 sec 0.000 sec [ext2/1/ext 6 (0,20)] [deal_core]
[Sun Aug 31 15:16:53.310 2014] 0.000 sec 0.000 sec [ext2/1/ext 6 (0,20)] [deal_core]
[Sun Aug 31 15:17:31.507 2014] 0.000 sec 0.000 sec [ext2/1/ext 6 (0,20)] [deal_core]
[Sun Aug 31 15:19:18.779 2014] 0.000 sec 0.000 sec [ext2/1/ext 6 (0,20)] [deal_core]
[Sun Aug 31 15:20:07.597 2014] 0.000 sec 0.000 sec [ext2/1/ext 6 (0,20)] [deal_core]
[Sun Aug 31 15:20:07.675 2014] 0.000 sec 0.000 sec [ext2/1/ext 6 (0,20)] [deal_core]
[Sun Aug 31 15:20:56.172 2014] 0.000 sec 0.000 sec [ext2/1/ext 6 (0,20)] [deal_core]
[Sun Aug 31 15:39:49.868 2014] 0.000 sec 0.000 sec [ext2/1/ext 6 (0,20)] [deal_core]
[Sun Aug 31 15:42:30.181 2014] 0.000 sec 0.000 sec [ext2/1/ext 6 (0,20)] [deal_core]
[Sun Aug 31 15:42:30.215 2014] 0.000 sec 0.000 sec [ext2/1/ext 6 (0,20)] [deal_core]
[Sun Aug 31 15:42:43.749 2014] 0.000 sec 0.000 sec [ext2/1/ext 6 (0,20)] [deal_core]
[Sun Aug 31 15:42:43.842 2014] 0.000 sec 0.000 sec [ext2/1/ext 6 (0,20)] [deal_core]
[Sun Aug 31 15:42:56.464 2014] 0.000 sec 0.000 sec [ext2/1/ext 6 (0,20)] [deal_core]
[Sun Aug 31 15:42:56.559 2014] 0.000 sec 0.000 sec [ext2/1/ext 6 (0,20)] [deal_core]
[Sun Aug 31 15:43:11.568 2014] 0.000 sec 0.000 sec [ext2/1/ext 6 (0,20)] [deal_core]
[Sun Aug 31 15:43:11.785 2014] 0.000 sec 0.000 sec [ext2/1/ext 6 (0,20)] [deal_core]
[Sun Aug 31 15:44:05.018 2014] 0.000 sec 0.000 sec [ext2/1/ext 6 (0,20)] [deal_core]
[Sun Aug 31 15:44:05.303 2014] 0.000 sec 0.000 sec [ext2/1/ext 6 (0,20)] [deal_core]
[Sun Aug 31 15:44:26.765 2014] 0.000 sec 0.000 sec [ext2/1/ext 6 (0,20)] [deal_core]
[Sun Aug 31 15:44:27.947 2014] 0.000 sec 0.000 sec [ext2/1/ext 6 (0,20)] [deal_core]
[Sun Aug 31 15:44:55.824 2014] 0.000 sec 0.000 sec [ext2/1/ext 6 (0,20)] [deal_core]
[Sun Aug 31 15:46:54.763 2014] 0.000 sec 0.000 sec [ext2/1/ext 6 (0,20)] [deal_core]
[Sun Aug 31 15:46:55.036 2014] 0.000 sec 0.000 sec [ext2/1/ext 6 (0,20)] [deal_core]
[Sun Aug 31 15:52:11.841 2014] 0.000 sec 0.000 sec [ext2/1/ext 6 (0,20)] [deal_core]
[Sun Aug 31 15:52:12.111 2014] 0.000 sec 0.000 sec [ext2/1/ext 6 (0,20)] [deal_core]
[Sun Aug 31 16:03:50.169 2014] 0.000 sec 0.000 sec [ext2/1/ext 6 (0,20)] [deal_core]
[Sun Aug 31 16:03:50.272 2014] 0.000 sec 0.000 sec [ext2/1/ext 6 (0,20)] [deal_core]
[Sun Aug 31 16:03:58.455 2014] 0.000 sec 0.000 sec [ext2/1/ext 6 (0,20)] [deal_core]
[Sun Aug 31 16:03:58.858 2014] 0.000 sec 0.000 sec [ext2/1/ext 6 (0,20)] [deal_core]
[Sun Aug 31 16:08:51.495 2014] 0.000 sec 0.000 sec [ext2/1/ext 6 (0,20)] [deal_core]
[Sun Aug 31 16:08:51.579 2014] 0.000 sec 0.000 sec [ext2/1/ext 6 (0,20)] [deal_core]
[Sun Aug 31 16:10:35.925 2014] 0.000 sec 0.000 sec [ext2/1/ext 6 (0,20)] [deal_core]
[Sun Aug 31 16:10:53.179 2014] 0.000 sec 0.000 sec [ext2/1/ext 6 (0,20)] [deal_core]
[Sun Aug 31 16:10:53.265 2014] 0.000 sec 0.000 sec [ext2/1/ext 6 (0,20)] [deal_core]
[Sun Aug 31 20:25:49.283 2014] 0.005 sec 0.005 sec [ext2/1/ext 6 (0,20)] [deal_core]
[Sun Aug 31 20:28:56.017 2014] 0.000 sec 0.000 sec [ext2/1/ext 6 (0,20)] [deal_core]
[Wed Sep  3 09:56:28.246 2014] 0.001 sec 0.001 sec [ext2/1/ext 6 (0,20)] [deal_core]
[Wed Sep  3 09:56:28.318 2014] 0.000 sec 0.000 sec [ext2/2/ext 3 (0,20)] [deal_core]
[Wed Sep  3 09:58:18.769 2014] 0.000 sec 0.000 sec [ext2/1/ext 6 (0,20)] [deal_core]
[Wed Sep  3 09:58:18.827 2014] 0.000 sec 0.000 sec [ext2/2/ext 3 (0,20)] [deal_core]
[Wed Sep  3 09:58:19.093 2014] 0.000 sec 0.000 sec [ext2/1/ext 6 (0,20)] [deal_core]
[Wed Sep  3 09:58:19.097 2014] 0.000 sec 0.000 sec [ext2/2/ext 3 (0,20)] [deal_core]
[Wed Sep  3 10:46:44.253 2014] 0.000 sec 0.000 sec [ext2/1/ext 6 (0,20)] [deal_core]
[Wed Sep  3 10:46:44.341 2014] 0.000 sec 0.000 sec [ext2/2/ext 3 (0,20)] [deal_core]
[Wed Sep  3 10:46:44.551 2014] 0.000 sec 0.000 sec [ext2/1/ext 6 (0,20)] [deal_core]
[Wed Sep  3 10:46:44.555 2014] 0.000 sec 0.000 sec [ext2/2/ext 3 (0,20)] [deal_core]
[Wed Sep  3 11:01:45.709 2014] 0.000 sec 0.000 sec [ext2/1/ext 6 (0,20)] [deal_core]
[Wed Sep  3 11:01:45.772 2014] 0.000 sec 0.000 sec [ext2/2/ext 3 (0,20)] [deal_core]
[Wed Sep  3 11:06:11.603 2014] 0.000 sec 0.000 sec [ext2/1/ext 6 (0,20)] [deal_core]
[Wed Sep  3 11:06:11.663 2014] 0.000 sec 0.000 sec [ext2/2/ext 3 (0,20)] [deal_core]
[Wed Sep  3 11:06:11.776 2014] 0.000 sec 0.000 sec [ext2/1/ext 6 (0,20)] [deal_core]
[Wed Sep  3 11:06:11.842 2014] 0.000 sec 0.000 sec [ext2/2/ext 3 (0,20)] [deal_core]
[Wed Sep  3 11:06:59.097 2014] 0.000 sec 0.000 sec [ext2/1/ext 6 (0,20)] [deal_core]
[Wed Sep  3 11:06:59.119 2014] 0.000 sec 0.000 sec [ext2/2/ext 3 (0,20)] [deal_core]
[Wed Sep  3 11:14:55.690 2014] 0.000 sec 0.000 sec [ext2/1/ext 6 (0,20)] [deal_core]
[Wed Sep  3 11:14:55.769 2014] 0.000 sec 0.000 sec [ext2/2/ext 3 (0,20)] [deal_core]
[Wed Sep  3 11:17:01.503 2014] 0.000 sec 0.000 sec [ext2/1/ext 6 (0,20)] [deal_core]
[Wed Sep  3 11:17:01.508 2014] 0.000 sec 0.000 sec [ext2/2/ext 3 (0,20)] [deal_core]
[Wed Sep  3 11:18:21.805 2014] 0.000 sec 0.000 sec [ext2/1/ext 6 (0,20)] [deal_core]
[Wed Sep  3 11:18:21.809 2014] 0.000 sec 0.000 sec [ext2/2/ext 3 (0,20)] [deal_core]
[Wed Sep  3 11:19:37.808 2014] 0.000 sec 0.000 sec [ext2/1/ext 6 (0,20)] [deal_core]
[Wed Sep  3 11:19:37.872 2014] 0.000 sec 0.000 sec [ext2/2/ext 3 (0,20)] [deal_core]
[Wed Sep  3 11:19:38.164 2014] 0.000 sec 0.000 sec [ext2/1/ext 6 (0,20)] [deal_core]
[Wed Sep  3 11:19:38.211 2014] 0.000 sec 0.000 sec [ext2/2/ext 3 (0,20)] [deal_core]
[Wed Sep  3 11:21:08.473 2014] 0.000 sec 0.000 sec [ext2/1/ext 6 (0,20)] [deal_core]
[Wed Sep  3 11:21:08.477 2014] 0.000 sec 0.000 sec [ext2/2/ext 3 (0,20)] [deal_core]
[Wed Sep  3 11:22:03.321 2014] 0.000 sec 0.000 sec [ext2/1/ext 6 (0,20)] [deal_core]
[Wed Sep  3 11:22:03.427 2014] 0.000 sec 0.000 sec [ext2/2/ext 3 (0,20)] [deal_core]
[Wed Sep  3 11:22:03.653 2014] 0.000 sec 0.000 sec [ext2/1/ext 6 (0,20)] [deal_core]
[Wed Sep  3 11:22:03.721 2014] 0.000 sec 0.000 sec [ext2/2/ext 3 (0,20)] [deal_core]
[Sun Sep  7 23:20:15.471 2014] 0.001 sec 0.001 sec [ext2/1/ext 6 (0,20)] [deal_core]
[Sun Sep  7 23:20:15.548 2014] 0.000 sec 0.000 sec [ext2/2/ext 3 (0,20)] [deal_core]
[Sun Sep  7 23:20:56.627 2014] 0.000 sec 0.000 sec [ext2/1/ext 6 (0,20)] [deal_core]
[Sun Sep  7 23:20:56.631 2014] 0.000 sec 0.000 sec [ext2/2/ext 3 (0,20)] [deal_core]
[Wed Sep 10 11:52:57.759 2014] 0.005 sec 0.005 sec [ext2/1/ext 6 (0,20)] [deal_core]
[Wed Sep 10 11:52:57.821 2014] 0.000 sec 0.000 sec [ext2/2/ext 3 (0,20)] [deal_core]
[Wed Sep 10 11:52:58.161 2014] 0.000 sec 0.000 sec [ext2/1/ext 6 (0,20)] [deal_core]
[Wed Sep 10 11:52:58.166 2014] 0.000 sec 0.000 sec [ext2/2/ext 3 (0,20)] [deal_core]
[Mon Sep 22 14:48:03.106 2014] 0.001 sec 0.001 sec [ext2/1/ext 6 (0,20)] [deal_core]
[Mon Sep 22 14:48:03.182 2014] 0.000 sec 0.000 sec [ext2/2/ext 3 (0,20)] [deal_core]
[Tue Sep 23 15:38:25.194 2014] 0.001 sec 0.001 sec [ext2/1/ext 6 (0,20)] [deal_core]
[Tue Sep 23 15:38:25.267 2014] 0.000 sec 0.000 sec [ext2/2/ext 3 (0,20)] [deal_core]
[Tue Sep 23 15:38:59.540 2014] 0.000 sec 0.000 sec [ext2/1/ext 6 (0,20)] [deal_core]
[Tue Sep 23 15:38:59.544 2014] 0.000 sec 0.000 sec [ext2/2/ext 3 (0,20)] [deal_core]
[Tue Sep 23 15:39:55.760 2014] 0.000 sec 0.000 sec [ext2/1/ext 6 (0,20)] [deal_core]
[Tue Sep 23 15:39:55.764 2014] 0.000 sec 0.000 sec [ext2/2/ext 3 (0,20)] [deal_core]
[Wed Sep 24 13:09:59.709 2014] 0.004 sec 0.004 sec [ext2/1/ext 6 (0,20)] [deal_core]
[Wed Sep 24 13:09:59.755 2014] 0.000 sec 0.000 sec [ext2/2/ext 3 (0,20)] [deal_core]
[Wed Sep 24 13:09:59.934 2014] 0.000 sec 0.000 sec [ext2/1/ext 6 (0,20)] [deal_core]
[Wed Sep 24 13:09:59.938 2014] 0.000 sec 0.000 sec [ext2/2/ext 3 (0,20)] [deal_core]
[Wed Sep 24 13:10:39.772 2014] 0.000 sec 0.000 sec [ext2/1/ext 6 (0,20)] [deal_core]
[Wed Sep 24 13:10:39.777 2014] 0.000 sec 0.000 sec [ext2/2/ext 3 (0,20)] [deal_core]
[Tue Sep 30 17:31:06.529 2014] 0.000 sec 0.000 sec [ext2/1/ext 6 (0,20)] [deal_core]
[Tue Sep 30 17:31:06.621 2014] 0.000 sec 0.000 sec [ext2/2/ext 3 (0,20)] [deal_core]
[Tue Sep 30 17:35:21.552 2014] 0.000 sec 0.000 sec [ext2/1/ext 6 (0,20)] [deal_core]
[Tue Sep 30 17:35:21.556 2014] 0.000 sec 0.000 sec [ext2/2/ext 3 (0,20)] [deal_core]
[Tue Sep 30 18:08:57.089 2014] 0.000 sec 0.000 sec [ext2/1/ext 6 (0,20)] [deal_core]
[Tue Sep 30 18:08:57.093 2014] 0.000 sec 0.000 sec [ext2/2/ext 3 (0,20)] [deal_core]
[Tue Sep 30 18:15:03.040 2014] 0.000 sec 0.000 sec [ext2/1/ext 6 (0,20)] [deal_core]
[Tue Sep 30 18:15:03.045 2014] 0.000 sec 0.000 sec [ext2/2/ext 3 (0,20)] [deal_core]
[Tue Sep 30 18:15:03.126 2014] 0.000 sec 0.000 sec [ext2/1/ext 6 (0,20)] [deal_core]
[Tue Sep 30 18:15:03.131 2014] 0.000 sec 0.000 sec [ext2/2/ext 3 (0,20)] [deal_core]
[Tue Sep 30 22:37:56.818 2014] 0.000 sec 0.000 sec [ext2/1/ext 6 (0,20)] [deal_core]
[Tue Sep 30 22:37:56.843 2014] 0.000 sec 0.000 sec [ext2/2/ext 3 (0,20)] [deal_core]
[Tue Sep 30 22:38:04.829 2014] 0.005 sec 0.005 sec [ext2/1/ext 1 (0,20)] [deal_core] recipe3
[Tue Sep 30 22:38:04.840 2014] 0.000 sec 0.000 sec [ext2/2/ext 0 (0,20)] [deal_core] recipe3
[Sat Oct  4 17:26:27.112 2014] 0.005 sec 0.005 sec [ext2/1/ext 6 (0,20)] [deal_core]
[Sat Oct  4 17:26:27.170 2014] 0.000 sec 0.000 sec [ext2/2/ext 3 (0,20)] [deal_core]
[Mon Jan 19 12:42:15.339 2015] 0.001 sec 0.001 sec [ext2/1/ext 6 (0,20)] [deal_core]
[Mon Jan 19 12:42:15.372 2015] 0.000 sec 0.000 sec [ext2/2/ext 3 (0,20)] [deal_core]
[Mon Jan 19 12:43:36.061 2015] 0.000 sec 0.000 sec [ext2/1/ext 6 (0,20)] [deal_core]
[Mon Jan 19 12:43:36.066 2015] 0.000 sec 0.000 sec [ext2/2/ext 3 (0,20)] [deal_core]
[Mon Jan 19 12:43:48.154 2015] 0.000 sec 0.000 sec [ext2/1/ext 6 (0,20)] [deal_core]
[Mon Jan 19 12:43:48.159 2015] 0.000 sec 0.000 sec [ext2/2/ext 3 (0,20)] [deal_core]
[Mon Jan 19 12:44:05.293 2015] 0.000 sec 0.000 sec [ext2/1/ext 6 (0,20)] [deal_core]
[Mon Jan 19 12:44:05.297 2015] 0.000 sec 0.000 sec [ext2/2/ext 3 (0,20)] [deal_core]
[Mon Jan 19 12:44:11.441 2015] 0.000 sec 0.000 sec [ext2/1/ext 6 (0,20)] [deal_core]
[Mon Jan 19 12:44:11.446 2015] 0.000 sec 0.000 sec [ext2/2/ext 3 (0,20)] [deal_core]
[Mon Jan 19 12:44:20.766 2015] 0.000 sec 0.000 sec [ext2/1/ext 6 (0,20)] [deal_core]
[Mon Jan 19 12:44:20.770 2015] 0.000 sec 0.000 sec [ext2/2/ext 3 (0,20)] [deal_core]
[Mon Jan 19 12:44:42.889 2015] 0.000 sec 0.000 sec [ext2/1/ext 6 (0,20)] [deal_core]
[Mon Jan 19 12:44:42.894 2015] 0.000 sec 0.000 sec [ext2/2/ext 3 (0,20)] [deal_core]
[Mon Jan 19 12:45:06.303 2015] 0.000 sec 0.000 sec [ext2/1/ext 6 (0,20)] [deal_core]
[Mon Jan 19 12:45:06.365 2015] 0.000 sec 0.000 sec [ext2/2/ext 3 (0,20)] [deal_core]
[Mon Jan 19 12:45:45.885 2015] 0.000 sec 0.000 sec [ext2/1/ext 6 (0,20)] [deal_core]
[Mon Jan 19 12:45:45.890 2015] 0.000 sec 0.000 sec [ext2/2/ext 3 (0,20)] [deal_core]
[Mon Jan 19 13:15:58.646 2015] 0.000 sec 0.000 sec [ext2/1/ext 6 (0,20)] [deal_core]
[Mon Jan 19 13:15:58.710 2015] 0.000 sec 0.000 sec [ext2/2/ext 3 (0,20)] [deal_core]
[Mon Jan 19 13:16:37.158 2015] 0.000 sec 0.000 sec [ext2/1/ext 6 (0,20)] [deal_core]
[Mon Jan 19 13:16:37.162 2015] 0.000 sec 0.000 sec [ext2/2/ext 3 (0,20)] [deal_core]
[Mon Jan 19 13:17:21.200 2015] 0.000 sec 0.000 sec [ext2/1/ext 6 (0,20)] [deal_core]
[Mon Jan 19 13:17:21.205 2015] 0.000 sec 0.000 sec [ext2/2/ext 3 (0,20)] [deal_core]
[Mon Jan 19 13:17:36.968 2015] 0.000 sec 0.000 sec [ext2/1/ext 6 (0,20)] [deal_core]
[Mon Jan 19 13:17:36.990 2015] 0.000 sec 0.000 sec [ext2/2/ext 3 (0,20)] [deal_core]
[Mon Jan 19 14:10:30.887 2015] 0.000 sec 0.000 sec [ext2/1/ext 6 (0,20)] [deal_core]
[Mon Jan 19 14:10:30.913 2015] 0.000 sec 0.000 sec [ext2/2/ext 3 (0,20)] [deal_core]
[Mon Jan 19 14:13:39.400 2015] 0.000 sec 0.000 sec [ext2/1/ext 6 (0,20)] [deal_core]
[Mon Jan 19 14:13:39.423 2015] 0.000 sec 0.000 sec [ext2/2/ext 3 (0,20)] [deal_core]
[Mon Jan 19 14:13:39.594 2015] 0.000 sec 0.000 sec [ext2/1/ext 6 (0,20)] [deal_core]
[Mon Jan 19 14:13:39.598 2015] 0.000 sec 0.000 sec [ext2/2/ext 3 (0,20)] [deal_core]
[Mon Jan 19 14:14:17.276 2015] 0.000 sec 0.000 sec [ext2/1/ext 6 (0,20)] [deal_core]
[Mon Jan 19 14:14:17.281 2015] 0.000 sec 0.000 sec [ext2/2/ext 3 (0,20)] [deal_core]
[Mon Jan 19 14:14:46.082 2015] 0.000 sec 0.000 sec [ext2/1/ext 6 (0,20)] [deal_core]
[Mon Jan 19 14:14:46.086 2015] 0.000 sec 0.000 sec [ext2/2/ext 3 (0,20)] [deal_core]
[Mon Jan 19 14:15:04.697 2015] 0.000 sec 0.000 sec [ext2/1/ext 6 (0,20)] [deal_core]
[Mon Jan 19 14:15:04.702 2015] 0.000 sec 0.000 sec [ext2/2/ext 3 (0,20)] [deal_core]
[Mon Jan 19 14:33:04.119 2015] 0.000 sec 0.000 sec [ext2/1/ext 6 (0,20)] [deal_core]
[Mon Jan 19 14:33:04.124 2015] 0.000 sec 0.000 sec [ext2/2/ext 3 (0,20)] [deal_core]
[Mon Jan 19 14:34:08.567 2015] 0.000 sec 0.000 sec [ext2/1/ext 6 (0,20)] [deal_core]
[Mon Jan 19 14:34:08.599 2015] 0.000 sec 0.000 sec [ext2/2/ext 3 (0,20)] [deal_core]
[Mon Jan 19 14:38:14.130 2015] 0.000 sec 0.000 sec [ext2/1/ext 6 (0,20)] [deal_core]
[Mon Jan 19 14:38:14.135 2015] 0.000 sec 0.000 sec [ext2/2/ext 3 (0,20)] [deal_core]
[Mon Jan 19 16:49:04.806 2015] 0.000 sec 0.000 sec [ext2/1/ext 6 (0,20)] [deal_core]
[Mon Jan 19 16:49:04.839 2015] 0.000 sec 0.000 sec [ext2/2/ext 3 (0,20)] [deal_core]
[Mon Jan 19 16:49:04.924 2015] 0.000 sec 0.000 sec [ext2/1/ext 6 (0,20)] [deal_core]
[Mon Jan 19 16:49:04.928 2015] 0.000 sec 0.000 sec [ext2/2/ext 3 (0,20)] [deal_core]
[Mon Jan 19 17:14:21.156 2015] 0.004 sec 0.004 sec [ext2/1/ext 6 (0,20)] [deal_core]
[Mon Jan 19 17:14:21.230 2015] 0.000 sec 0.000 sec [ext2/2/ext 3 (0,20)] [deal_core]
[Mon Jan 19 17:14:21.468 2015] 0.000 sec 0.000 sec [ext2/1/ext 6 (0,20)] [deal_core]
[Mon Jan 19 17:14:21.473 2015] 0.000 sec 0.000 sec [ext2/2/ext 3 (0,20)] [deal_core]
[Mon Jan 19 17:34:22.338 2015] 0.000 sec 0.000 sec [ext2/1/ext 6 (0,20)] [deal_core]
[Mon Jan 19 17:34:22.401 2015] 0.000 sec 0.000 sec [ext2/2/ext 3 (0,20)] [deal_core]
[Mon Jan 19 17:34:27.216 2015] 0.000 sec 0.000 sec [ext2/1/ext 6 (0,20)] [deal_core]
[Mon Jan 19 17:34:27.221 2015] 0.000 sec 0.000 sec [ext2/2/ext 3 (0,20)] [deal_core]
[Mon Jan 19 17:37:37.164 2015] 0.000 sec 0.000 sec [ext2/1/ext 6 (0,20)] [deal_core]
[Mon Jan 19 17:37:37.236 2015] 0.000 sec 0.000 sec [ext2/2/ext 3 (0,20)] [deal_core]
[Mon Jan 19 17:37:37.371 2015] 0.000 sec 0.000 sec [ext2/1/ext 6 (0,20)] [deal_core]
[Mon Jan 19 17:37:37.377 2015] 0.000 sec 0.000 sec [ext2/2/ext 3 (0,20)] [deal_core]
[Mon Jan 19 17:39:11.055 2015] 0.000 sec 0.000 sec [ext2/1/ext 6 (0,20)] [deal_core]
[Mon Jan 19 17:39:11.060 2015] 0.000 sec 0.000 sec [ext2/2/ext 3 (0,20)] [deal_core]
[Mon Jan 19 17:39:23.448 2015] 0.000 sec 0.000 sec [ext2/1/ext 6 (0,20)] [deal_core]
[Mon Jan 19 17:39:23.508 2015] 0.000 sec 0.000 sec [ext2/2/ext 3 (0,20)] [deal_core]
[Mon Jan 19 17:41:53.152 2015] 0.000 sec 0.000 sec [ext2/1/ext 6 (0,20)] [deal_core]
[Mon Jan 19 17:41:53.215 2015] 0.000 sec 0.000 sec [ext2/2/ext 3 (0,20)] [deal_core]
[Mon Jan 19 17:42:16.072 2015] 0.000 sec 0.000 sec [ext2/1/ext 6 (0,20)] [deal_core]
[Mon Jan 19 17:42:16.149 2015] 0.000 sec 0.000 sec [ext2/2/ext 3 (0,20)] [deal_core]
[Mon Jan 19 17:43:17.024 2015] 0.000 sec 0.000 sec [ext2/1/ext 6 (0,20)] [deal_core]
[Mon Jan 19 17:43:17.048 2015] 0.000 sec 0.000 sec [ext2/2/ext 3 (0,20)] [deal_core]
[Mon Jan 19 17:47:10.233 2015] 0.000 sec 0.000 sec [ext2/1/ext 6 (0,20)] [deal_core]
[Mon Jan 19 17:47:10.304 2015] 0.000 sec 0.000 sec [ext2/2/ext 3 (0,20)] [deal_core]
[Mon Jan 19 17:47:10.445 2015] 0.000 sec 0.000 sec [ext2/1/ext 6 (0,20)] [deal_core]
[Mon Jan 19 17:47:10.449 2015] 0.000 sec 0.000 sec [ext2/2/ext 3 (0,20)] [deal_core]
[Mon Jan 19 17:49:11.803 2015] 0.000 sec 0.000 sec [ext2/1/ext 6 (0,20)] [deal_core]
[Mon Jan 19 17:49:11.879 2015] 0.000 sec 0.000 sec [ext2/2/ext 3 (0,20)] [deal_core]
[Mon Jan 19 17:49:16.011 2015] 0.000 sec 0.000 sec [ext2/1/ext 6 (0,20)] [deal_core]
[Mon Jan 19 17:49:16.016 2015] 0.000 sec 0.000 sec [ext2/2/ext 3 (0,20)] [deal_core]
[Mon Jan 19 17:52:16.042 2015] 0.000 sec 0.000 sec [ext2/1/ext 6 (0,20)] [deal_core]
[Mon Jan 19 17:52:16.109 2015] 0.000 sec 0.000 sec [ext2/2/ext 3 (0,20)] [deal_core]
[Mon Jan 19 17:52:33.734 2015] 0.000 sec 0.000 sec [ext2/1/ext 6 (0,20)] [deal_core]
[Mon Jan 19 17:52:33.805 2015] 0.000 sec 0.000 sec [ext2/2/ext 3 (0,20)] [deal_core]
[Mon Jan 19 18:00:47.420 2015] 0.000 sec 0.000 sec [ext2/1/ext 6 (0,20)] [deal_core]
[Mon Jan 19 18:00:47.485 2015] 0.000 sec 0.000 sec [ext2/2/ext 3 (0,20)] [deal_core]
[Mon Jan 19 18:00:47.656 2015] 0.000 sec 0.000 sec [ext2/1/ext 6 (0,20)] [deal_core]
[Mon Jan 19 18:00:47.661 2015] 0.000 sec 0.000 sec [ext2/2/ext 3 (0,20)] [deal_core]
[Mon Jan 19 18:06:29.132 2015] 0.000 sec 0.000 sec [ext2/1/ext 6 (0,20)] [deal_core]
[Mon Jan 19 18:06:29.206 2015] 0.000 sec 0.000 sec [ext2/2/ext 3 (0,20)] [deal_core]
[Mon Jan 19 18:07:54.466 2015] 0.000 sec 0.000 sec [ext2/1/ext 6 (0,20)] [deal_core]
[Mon Jan 19 18:07:54.531 2015] 0.000 sec 0.000 sec [ext2/2/ext 3 (0,20)] [deal_core]
[Mon Jan 19 22:36:25.886 2015] 0.005 sec 0.005 sec [ext2/1/ext 6 (0,20)] [deal_core]
[Mon Jan 19 22:36:25.938 2015] 0.000 sec 0.000 sec [ext2/2/ext 3 (0,20)] [deal_core]
[Mon Jan 19 22:37:08.683 2015] 0.000 sec 0.000 sec [ext2/1/ext 6 (0,20)] [deal_core]
[Mon Jan 19 22:37:08.688 2015] 0.000 sec 0.000 sec [ext2/2/ext 3 (0,20)] [deal_core]
[Mon Jan 19 23:16:25.649 2015] 0.000 sec 0.000 sec [ext2/1/ext 6 (0,20)] [deal_core]
[Mon Jan 19 23:16:25.718 2015] 0.000 sec 0.000 sec [ext2/2/ext 3 (0,20)] [deal_core]
[Mon Jan 19 23:16:25.893 2015] 0.000 sec 0.000 sec [ext2/1/ext 6 (0,20)] [deal_core]
[Mon Jan 19 23:16:25.898 2015] 0.000 sec 0.000 sec [ext2/2/ext 3 (0,20)] [deal_core]
[Mon Jan 19 23:17:33.667 2015] 0.000 sec 0.000 sec [ext2/1/ext 6 (0,20)] [deal_core]
[Mon Jan 19 23:17:33.671 2015] 0.000 sec 0.000 sec [ext2/2/ext 3 (0,20)] [deal_core]
[Mon Jan 19 23:17:33.699 2015] 0.000 sec 0.000 sec [ext2/1/ext 6 (0,20)] [deal_core]
[Mon Jan 19 23:17:33.705 2015] 0.000 sec 0.000 sec [ext2/2/ext 3 (0,20)] [deal_core]
[Mon Jan 19 23:17:53.062 2015] 0.000 sec 0.000 sec [ext2/1/ext 6 (0,20)] [deal_core]
[Mon Jan 19 23:17:53.133 2015] 0.000 sec 0.000 sec [ext2/2/ext 3 (0,20)] [deal_core]
[Mon Jan 19 23:20:10.799 2015] 0.000 sec 0.000 sec [ext2/1/ext 6 (0,20)] [deal_core]
[Mon Jan 19 23:20:10.861 2015] 0.000 sec 0.000 sec [ext2/2/ext 3 (0,20)] [deal_core]
[Mon Jan 19 23:22:02.406 2015] 0.000 sec 0.000 sec [ext2/1/ext 6 (0,20)] [deal_core]
[Mon Jan 19 23:22:02.479 2015] 0.000 sec 0.000 sec [ext2/2/ext 3 (0,20)] [deal_core]
[Mon Jan 19 23:22:04.795 2015] 0.000 sec 0.000 sec [ext2/1/ext 6 (0,20)] [deal_core]
[Mon Jan 19 23:22:04.799 2015] 0.000 sec 0.000 sec [ext2/2/ext 3 (0,20)] [deal_core]
[Mon Jan 19 23:22:13.162 2015] 0.000 sec 0.000 sec [ext2/1/ext 6 (0,20)] [deal_core]
[Mon Jan 19 23:22:13.166 2015] 0.000 sec 0.000 sec [ext2/2/ext 3 (0,20)] [deal_core]
[Mon Jan 19 23:29:25.032 2015] 0.000 sec 0.000 sec [ext2/1/ext 6 (0,20)] [deal_core]
[Mon Jan 19 23:29:25.112 2015] 0.000 sec 0.000 sec [ext2/2/ext 3 (0,20)] [deal_core]
[Mon Jan 19 23:29:29.721 2015] 0.000 sec 0.000 sec [ext2/1/ext 6 (0,20)] [deal_core]
[Mon Jan 19 23:29:29.725 2015] 0.000 sec 0.000 sec [ext2/2/ext 3 (0,20)] [deal_core]
[Tue Jan 20 12:20:29.636 2015] 0.006 sec 0.006 sec [ext2/1/ext 6 (0,20)] [deal_core]
[Tue Jan 20 12:20:29.666 2015] 0.000 sec 0.000 sec [ext2/2/ext 3 (0,20)] [deal_core]
[Tue Jan 20 12:20:29.914 2015] 0.000 sec 0.000 sec [ext2/1/ext 6 (0,20)] [deal_core]
[Tue Jan 20 12:20:29.919 2015] 0.000 sec 0.000 sec [ext2/2/ext 3 (0,20)] [deal_core]
[Tue Jan 20 12:24:34.311 2015] 0.000 sec 0.000 sec [ext2/1/ext 6 (0,20)] [deal_core]
[Tue Jan 20 12:24:34.378 2015] 0.000 sec 0.000 sec [ext2/2/ext 3 (0,20)] [deal_core]
[Tue Jan 20 12:24:34.543 2015] 0.000 sec 0.000 sec [ext2/1/ext 6 (0,20)] [deal_core]
[Tue Jan 20 12:24:34.548 2015] 0.000 sec 0.000 sec [ext2/2/ext 3 (0,20)] [deal_core]
[Tue Feb 10 15:07:44.058 2015] 0.001 sec 0.001 sec [ext2/1/ext 6 (0,20)] [deal_core]
[Tue Feb 10 15:07:44.089 2015] 0.000 sec 0.000 sec [ext2/2/ext 3 (0,20)] [deal_core]
[Tue Feb 10 17:32:23.154 2015] 0.000 sec 0.000 sec [ext2/1/ext 6 (0,20)] [deal_core]
[Tue Feb 10 17:32:23.182 2015] 0.000 sec 0.000 sec [ext2/2/ext 3 (0,20)] [deal_core]
[Tue Feb 10 18:06:26.459 2015] 0.000 sec 0.000 sec [ext2/1/ext 6 (0,20)] [deal_core]
[Tue Feb 10 18:06:26.483 2015] 0.000 sec 0.000 sec [ext2/2/ext 3 (0,20)] [deal_core]
[Tue Feb 10 18:06:37.831 2015] 0.000 sec 0.000 sec [ext2/1/ext 6 (0,20)] [deal_core]
[Tue Feb 10 18:06:37.853 2015] 0.000 sec 0.000 sec [ext2/2/ext 3 (0,20)] [deal_core]
